#
# There is insufficient memory for the Java Runtime Environment to continue.
# Native memory allocation (malloc) failed to allocate 2197136 bytes for Chunk::new
# Possible reasons:
#   The system is out of physical RAM or swap space
#   The process is running with CompressedOops enabled, and the Java Heap may be blocking the growth of the native heap
# Possible solutions:
#   Reduce memory load on the system
#   Increase physical memory or swap space
#   Check if swap backing store is full
#   Decrease Java heap size (-Xmx/-Xms)
#   Decrease number of Java threads
#   Decrease Java thread stack sizes (-Xss)
#   Set larger code cache with -XX:ReservedCodeCacheSize=
#   JVM is running with Unscaled Compressed Oops mode in which the Java heap is
#     placed in the first 4GB address space. The Java Heap base address is the
#     maximum limit for the native heap growth. Please use -XX:HeapBaseMinAddress
#     to set the Java Heap base and to place the Java Heap above 4GB virtual address.
# This output file may be truncated or incomplete.
#
#  Out of Memory Error (allocation.cpp:389), pid=3640, tid=0x0000000000001634
#
# JRE version: Java(TM) SE Runtime Environment (8.0_231-b11) (build 1.8.0_231-b11)
# Java VM: Java HotSpot(TM) 64-Bit Server VM (25.231-b11 mixed mode windows-amd64 compressed oops)
# Failed to write core dump. Minidumps are not enabled by default on client versions of Windows
#

---------------  T H R E A D  ---------------

Current thread (0x00000000167e8800):  JavaThread "C2 CompilerThread1" daemon [_thread_in_native, id=5684, stack(0x0000000017f80000,0x0000000018080000)]

Stack: [0x0000000017f80000,0x0000000018080000]
[error occurred during error reporting (printing stack bounds), id 0xc0000005]

Native frames: (J=compiled Java code, j=interpreted, Vv=VM code, C=native code)


Current CompileTask:
C2:   3315 2555   !   4       java.net.URLClassLoader$1::run (63 bytes)


---------------  P R O C E S S  ---------------

Java Threads: ( => current thread )
  0x0000000019c3e800 JavaThread "qtp1976752685-18" [_thread_blocked, id=1816, stack(0x000000001d8f0000,0x000000001d9f0000)]
  0x00000000193b5000 JavaThread "qtp1976752685-17" [_thread_blocked, id=10820, stack(0x000000001d7f0000,0x000000001d8f0000)]
  0x00000000193b4800 JavaThread "qtp1976752685-16" [_thread_blocked, id=11376, stack(0x000000001d6f0000,0x000000001d7f0000)]
  0x0000000019f47000 JavaThread "qtp1976752685-15" [_thread_blocked, id=14260, stack(0x000000001d5f0000,0x000000001d6f0000)]
  0x000000001a1db800 JavaThread "qtp1976752685-14" [_thread_blocked, id=6280, stack(0x000000001d4f0000,0x000000001d5f0000)]
  0x000000001a1da800 JavaThread "qtp1976752685-13" [_thread_blocked, id=11700, stack(0x000000001d3f0000,0x000000001d4f0000)]
  0x000000001a0fa000 JavaThread "qtp1976752685-12" [_thread_blocked, id=12612, stack(0x000000001d2f0000,0x000000001d3f0000)]
  0x000000001ad33800 JavaThread "qtp1976752685-11" [_thread_blocked, id=11624, stack(0x000000001a900000,0x000000001aa00000)]
  0x000000001683d800 JavaThread "Service Thread" daemon [_thread_blocked, id=15752, stack(0x0000000018580000,0x0000000018680000)]
  0x00000000167ef800 JavaThread "C1 CompilerThread2" daemon [_thread_blocked, id=8832, stack(0x0000000018080000,0x0000000018180000)]
=>0x00000000167e8800 JavaThread "C2 CompilerThread1" daemon [_thread_in_native, id=5684, stack(0x0000000017f80000,0x0000000018080000)]
  0x00000000167e6800 JavaThread "C2 CompilerThread0" daemon [_thread_in_native, id=11364, stack(0x0000000017e80000,0x0000000017f80000)]
  0x00000000167e4800 JavaThread "Attach Listener" daemon [_thread_blocked, id=9948, stack(0x0000000017d80000,0x0000000017e80000)]
  0x00000000167e3000 JavaThread "Signal Dispatcher" daemon [_thread_blocked, id=1592, stack(0x0000000017c80000,0x0000000017d80000)]
  0x00000000167d0000 JavaThread "Finalizer" daemon [_thread_blocked, id=3212, stack(0x0000000017a50000,0x0000000017b50000)]
  0x00000000167c9000 JavaThread "Reference Handler" daemon [_thread_blocked, id=12812, stack(0x0000000017950000,0x0000000017a50000)]
  0x0000000002e65000 JavaThread "main" [_thread_in_native, id=14532, stack(0x0000000002d60000,0x0000000002e60000)]

Other Threads:
  0x00000000167a7800 VMThread [stack: 0x0000000017850000,0x0000000017950000] [id=8280]
  0x00000000181c6000 WatcherThread [stack: 0x0000000018680000,0x0000000018780000] [id=15624]

VM state:not at safepoint (normal execution)

VM Mutex/Monitor currently owned by a thread: None

heap address: 0x00000000a1c00000, size: 1508 MB, Compressed Oops mode: 32-bit
Narrow klass base: 0x0000000000000000, Narrow klass shift: 3
Compressed class space size: 1073741824 Address: 0x0000000100000000

Heap:
 PSYoungGen      total 187392K, used 51142K [0x00000000e0980000, 0x00000000edf00000, 0x0000000100000000)
  eden space 172544K, 21% used [0x00000000e0980000,0x00000000e2cf9418,0x00000000eb200000)
  from space 14848K, 99% used [0x00000000ebc80000,0x00000000ecaf8790,0x00000000ecb00000)
  to   space 20480K, 0% used [0x00000000ecb00000,0x00000000ecb00000,0x00000000edf00000)
 ParOldGen       total 61952K, used 37884K [0x00000000a1c00000, 0x00000000a5880000, 0x00000000e0980000)
  object space 61952K, 61% used [0x00000000a1c00000,0x00000000a40ff2f0,0x00000000a5880000)
 Metaspace       used 24070K, capacity 24740K, committed 25088K, reserved 1071104K
  class space    used 2819K, capacity 2976K, committed 3072K, reserved 1048576K

Card table byte_map: [0x0000000012320000,0x0000000012620000] byte_map_base: 0x0000000011e12000

Marking Bits: (ParMarkBitMap*) 0x000000005c096d90
 Begin Bits: [0x0000000012c20000, 0x00000000143b0000)
 End Bits:   [0x00000000143b0000, 0x0000000015b40000)

Polling page: 0x0000000001150000

CodeCache: size=245760Kb used=10841Kb max_used=10841Kb free=234918Kb
 bounds [0x0000000002f60000, 0x0000000003a00000, 0x0000000011f60000]
 total_blobs=3346 nmethods=2676 adapters=581
 compilation: enabled

Compilation events (10 events):
Event: 3.289 Thread 0x00000000167ef800 nmethod 2691 0x00000000039f5250 code [0x00000000039f53e0, 0x00000000039f5608]
Event: 3.291 Thread 0x00000000167ef800 2692       2       org.eclipse.jetty.util.StringUtil::replace (80 bytes)
Event: 3.292 Thread 0x00000000167ef800 nmethod 2692 0x00000000039f56d0 code [0x00000000039f5880, 0x00000000039f5de8]
Event: 3.292 Thread 0x00000000167ef800 2693       2       java.lang.invoke.MethodTypeForm::cachedLambdaForm (44 bytes)
Event: 3.292 Thread 0x00000000167ef800 nmethod 2693 0x00000000039f6150 code [0x00000000039f62c0, 0x00000000039f64b0]
Event: 3.293 Thread 0x00000000167ef800 2694       2       java.util.AbstractList::iterator (10 bytes)
Event: 3.293 Thread 0x00000000167ef800 nmethod 2694 0x00000000039f65d0 code [0x00000000039f6720, 0x00000000039f68f0]
Event: 3.305 Thread 0x00000000167ef800 2695       2       org.eclipse.jetty.util.ArrayTernaryTrie::hilo (10 bytes)
Event: 3.305 Thread 0x00000000167ef800 nmethod 2695 0x00000000039f6990 code [0x00000000039f6ae0, 0x00000000039f6c30]
Event: 3.308 Thread 0x00000000167ef800 2697       2       sun.nio.fs.WindowsPathParser::parse (384 bytes)

GC Heap History (10 events):
Event: 1.769 GC heap before
{Heap before GC invocations=6 (full 0):
 PSYoungGen      total 53248K, used 53216K [0x00000000e0980000, 0x00000000e7980000, 0x0000000100000000)
  eden space 49152K, 100% used [0x00000000e0980000,0x00000000e3980000,0x00000000e3980000)
  from space 4096K, 99% used [0x00000000e3980000,0x00000000e3d78020,0x00000000e3d80000)
  to   space 8192K, 0% used [0x00000000e7180000,0x00000000e7180000,0x00000000e7980000)
 ParOldGen       total 65536K, used 9090K [0x00000000a1c00000, 0x00000000a5c00000, 0x00000000e0980000)
  object space 65536K, 13% used [0x00000000a1c00000,0x00000000a24e0880,0x00000000a5c00000)
 Metaspace       used 19623K, capacity 20244K, committed 20352K, reserved 1067008K
  class space    used 2231K, capacity 2388K, committed 2432K, reserved 1048576K
Event: 1.781 GC heap after
Heap after GC invocations=6 (full 0):
 PSYoungGen      total 103424K, used 8160K [0x00000000e0980000, 0x00000000e7f80000, 0x0000000100000000)
  eden space 95232K, 0% used [0x00000000e0980000,0x00000000e0980000,0x00000000e6680000)
  from space 8192K, 99% used [0x00000000e7180000,0x00000000e7978030,0x00000000e7980000)
  to   space 11264K, 0% used [0x00000000e6680000,0x00000000e6680000,0x00000000e7180000)
 ParOldGen       total 65536K, used 12875K [0x00000000a1c00000, 0x00000000a5c00000, 0x00000000e0980000)
  object space 65536K, 19% used [0x00000000a1c00000,0x00000000a2892ec8,0x00000000a5c00000)
 Metaspace       used 19623K, capacity 20244K, committed 20352K, reserved 1067008K
  class space    used 2231K, capacity 2388K, committed 2432K, reserved 1048576K
}
Event: 2.048 GC heap before
{Heap before GC invocations=7 (full 0):
 PSYoungGen      total 103424K, used 24380K [0x00000000e0980000, 0x00000000e7f80000, 0x0000000100000000)
  eden space 95232K, 17% used [0x00000000e0980000,0x00000000e1957178,0x00000000e6680000)
  from space 8192K, 99% used [0x00000000e7180000,0x00000000e7978030,0x00000000e7980000)
  to   space 11264K, 0% used [0x00000000e6680000,0x00000000e6680000,0x00000000e7180000)
 ParOldGen       total 65536K, used 12875K [0x00000000a1c00000, 0x00000000a5c00000, 0x00000000e0980000)
  object space 65536K, 19% used [0x00000000a1c00000,0x00000000a2892ec8,0x00000000a5c00000)
 Metaspace       used 20625K, capacity 21200K, committed 21248K, reserved 1069056K
  class space    used 2384K, capacity 2544K, committed 2560K, reserved 1048576K
Event: 2.066 GC heap after
Heap after GC invocations=7 (full 0):
 PSYoungGen      total 106496K, used 7782K [0x00000000e0980000, 0x00000000ed980000, 0x0000000100000000)
  eden space 95232K, 0% used [0x00000000e0980000,0x00000000e0980000,0x00000000e6680000)
  from space 11264K, 69% used [0x00000000e6680000,0x00000000e6e19be8,0x00000000e7180000)
  to   space 11264K, 0% used [0x00000000ece80000,0x00000000ece80000,0x00000000ed980000)
 ParOldGen       total 65536K, used 15209K [0x00000000a1c00000, 0x00000000a5c00000, 0x00000000e0980000)
  object space 65536K, 23% used [0x00000000a1c00000,0x00000000a2ada588,0x00000000a5c00000)
 Metaspace       used 20625K, capacity 21200K, committed 21248K, reserved 1069056K
  class space    used 2384K, capacity 2544K, committed 2560K, reserved 1048576K
}
Event: 2.066 GC heap before
{Heap before GC invocations=8 (full 1):
 PSYoungGen      total 106496K, used 7782K [0x00000000e0980000, 0x00000000ed980000, 0x0000000100000000)
  eden space 95232K, 0% used [0x00000000e0980000,0x00000000e0980000,0x00000000e6680000)
  from space 11264K, 69% used [0x00000000e6680000,0x00000000e6e19be8,0x00000000e7180000)
  to   space 11264K, 0% used [0x00000000ece80000,0x00000000ece80000,0x00000000ed980000)
 ParOldGen       total 65536K, used 15209K [0x00000000a1c00000, 0x00000000a5c00000, 0x00000000e0980000)
  object space 65536K, 23% used [0x00000000a1c00000,0x00000000a2ada588,0x00000000a5c00000)
 Metaspace       used 20625K, capacity 21200K, committed 21248K, reserved 1069056K
  class space    used 2384K, capacity 2544K, committed 2560K, reserved 1048576K
Event: 2.183 GC heap after
Heap after GC invocations=8 (full 1):
 PSYoungGen      total 106496K, used 0K [0x00000000e0980000, 0x00000000ed980000, 0x0000000100000000)
  eden space 95232K, 0% used [0x00000000e0980000,0x00000000e0980000,0x00000000e6680000)
  from space 11264K, 0% used [0x00000000e6680000,0x00000000e6680000,0x00000000e7180000)
  to   space 11264K, 0% used [0x00000000ece80000,0x00000000ece80000,0x00000000ed980000)
 ParOldGen       total 61952K, used 17355K [0x00000000a1c00000, 0x00000000a5880000, 0x00000000e0980000)
  object space 61952K, 28% used [0x00000000a1c00000,0x00000000a2cf2f28,0x00000000a5880000)
 Metaspace       used 20625K, capacity 21200K, committed 21248K, reserved 1069056K
  class space    used 2384K, capacity 2544K, committed 2560K, reserved 1048576K
}
Event: 2.660 GC heap before
{Heap before GC invocations=9 (full 1):
 PSYoungGen      total 106496K, used 95232K [0x00000000e0980000, 0x00000000ed980000, 0x0000000100000000)
  eden space 95232K, 100% used [0x00000000e0980000,0x00000000e6680000,0x00000000e6680000)
  from space 11264K, 0% used [0x00000000e6680000,0x00000000e6680000,0x00000000e7180000)
  to   space 11264K, 0% used [0x00000000ece80000,0x00000000ece80000,0x00000000ed980000)
 ParOldGen       total 61952K, used 17355K [0x00000000a1c00000, 0x00000000a5880000, 0x00000000e0980000)
  object space 61952K, 28% used [0x00000000a1c00000,0x00000000a2cf2f28,0x00000000a5880000)
 Metaspace       used 22590K, capacity 23226K, committed 23296K, reserved 1069056K
  class space    used 2601K, capacity 2762K, committed 2816K, reserved 1048576K
Event: 2.678 GC heap after
Heap after GC invocations=9 (full 1):
 PSYoungGen      total 142336K, used 11242K [0x00000000e0980000, 0x00000000ed980000, 0x0000000100000000)
  eden space 131072K, 0% used [0x00000000e0980000,0x00000000e0980000,0x00000000e8980000)
  from space 11264K, 99% used [0x00000000ece80000,0x00000000ed97ab28,0x00000000ed980000)
  to   space 14848K, 0% used [0x00000000ebc80000,0x00000000ebc80000,0x00000000ecb00000)
 ParOldGen       total 61952K, used 23156K [0x00000000a1c00000, 0x00000000a5880000, 0x00000000e0980000)
  object space 61952K, 37% used [0x00000000a1c00000,0x00000000a329d228,0x00000000a5880000)
 Metaspace       used 22590K, capacity 23226K, committed 23296K, reserved 1069056K
  class space    used 2601K, capacity 2762K, committed 2816K, reserved 1048576K
}
Event: 2.923 GC heap before
{Heap before GC invocations=10 (full 1):
 PSYoungGen      total 142336K, used 142314K [0x00000000e0980000, 0x00000000ed980000, 0x0000000100000000)
  eden space 131072K, 100% used [0x00000000e0980000,0x00000000e8980000,0x00000000e8980000)
  from space 11264K, 99% used [0x00000000ece80000,0x00000000ed97ab28,0x00000000ed980000)
  to   space 14848K, 0% used [0x00000000ebc80000,0x00000000ebc80000,0x00000000ecb00000)
 ParOldGen       total 61952K, used 23168K [0x00000000a1c00000, 0x00000000a5880000, 0x00000000e0980000)
  object space 61952K, 37% used [0x00000000a1c00000,0x00000000a32a0130,0x00000000a5880000)
 Metaspace       used 22599K, capacity 23226K, committed 23296K, reserved 1069056K
  class space    used 2601K, capacity 2762K, committed 2816K, reserved 1048576K
Event: 2.964 GC heap after
Heap after GC invocations=10 (full 1):
 PSYoungGen      total 187392K, used 14817K [0x00000000e0980000, 0x00000000edf00000, 0x0000000100000000)
  eden space 172544K, 0% used [0x00000000e0980000,0x00000000e0980000,0x00000000eb200000)
  from space 14848K, 99% used [0x00000000ebc80000,0x00000000ecaf8790,0x00000000ecb00000)
  to   space 20480K, 0% used [0x00000000ecb00000,0x00000000ecb00000,0x00000000edf00000)
 ParOldGen       total 61952K, used 37884K [0x00000000a1c00000, 0x00000000a5880000, 0x00000000e0980000)
  object space 61952K, 61% used [0x00000000a1c00000,0x00000000a40ff2f0,0x00000000a5880000)
 Metaspace       used 22599K, capacity 23226K, committed 23296K, reserved 1069056K
  class space    used 2601K, capacity 2762K, committed 2816K, reserved 1048576K
}

Deoptimization events (10 events):
Event: 2.483 Thread 0x0000000019f47000 Uncommon trap: reason=unstable_if action=reinterpret pc=0x0000000003723724 method=java.util.jar.Manifest$FastInputStream.readLine([BII)I @ 87
Event: 2.526 Thread 0x00000000193b4800 Uncommon trap: reason=unstable_if action=reinterpret pc=0x0000000003896038 method=org.objectweb.asm.ClassReader.readUtf(II[C)Ljava/lang/String; @ 41
Event: 2.526 Thread 0x00000000193b4800 Uncommon trap: reason=unstable_if action=reinterpret pc=0x000000000387b62c method=org.objectweb.asm.ClassReader.readUtf(II[C)Ljava/lang/String; @ 41
Event: 2.574 Thread 0x00000000193b5000 Uncommon trap: reason=unstable_if action=reinterpret pc=0x0000000003885bb8 method=java.util.concurrent.ConcurrentHashMap.get(Ljava/lang/Object;)Ljava/lang/Object; @ 86
Event: 2.576 Thread 0x000000001a1db800 Uncommon trap: reason=unstable_if action=reinterpret pc=0x00000000038c720c method=java.util.concurrent.ConcurrentHashMap.transfer([Ljava/util/concurrent/ConcurrentHashMap$Node;[Ljava/util/concurrent/ConcurrentHashMap$Node;)V @ 175
Event: 2.610 Thread 0x00000000193b5000 Uncommon trap: reason=unstable_if action=reinterpret pc=0x00000000038ffd3c method=org.objectweb.asm.ClassReader.readMethod(Lorg/objectweb/asm/ClassVisitor;Lorg/objectweb/asm/Context;I)I @ 396
Event: 3.240 Thread 0x0000000002e65000 Uncommon trap: reason=predicate action=maybe_recompile pc=0x0000000003839af8 method=java.lang.String.regionMatches(ZILjava/lang/String;II)Z @ 63
Event: 3.274 Thread 0x0000000002e65000 Uncommon trap: reason=unstable_if action=reinterpret pc=0x00000000038a2210 method=org.eclipse.jetty.util.StringUtil.replace(Ljava/lang/String;CC)Ljava/lang/String; @ 26
Event: 3.274 Thread 0x0000000002e65000 Uncommon trap: reason=class_check action=maybe_recompile pc=0x00000000032f8d30 method=sun.misc.URLClassPath.getResource(Ljava/lang/String;Z)Lsun/misc/Resource; @ 62
Event: 3.275 Thread 0x0000000002e65000 Uncommon trap: reason=class_check action=maybe_recompile pc=0x00000000032f8d30 method=sun.misc.URLClassPath.getResource(Ljava/lang/String;Z)Lsun/misc/Resource; @ 62

Classes redefined (0 events):
No events

Internal exceptions (10 events):
Event: 3.022 Thread 0x0000000002e65000 Exception <a 'sun/nio/fs/WindowsException'> (0x00000000e2174168) thrown at [C:\re\workspace\8-2-build-windows-amd64-cygwin\jdk8u231\13620\hotspot\src\share\vm\prims\jni.cpp, line 710]
Event: 3.022 Thread 0x0000000002e65000 Exception <a 'sun/nio/fs/WindowsException'> (0x00000000e2174e40) thrown at [C:\re\workspace\8-2-build-windows-amd64-cygwin\jdk8u231\13620\hotspot\src\share\vm\prims\jni.cpp, line 710]
Event: 3.022 Thread 0x0000000002e65000 Exception <a 'sun/nio/fs/WindowsException'> (0x00000000e2175cc8) thrown at [C:\re\workspace\8-2-build-windows-amd64-cygwin\jdk8u231\13620\hotspot\src\share\vm\prims\jni.cpp, line 710]
Event: 3.022 Thread 0x0000000002e65000 Exception <a 'sun/nio/fs/WindowsException'> (0x00000000e21769d0) thrown at [C:\re\workspace\8-2-build-windows-amd64-cygwin\jdk8u231\13620\hotspot\src\share\vm\prims\jni.cpp, line 710]
Event: 3.022 Thread 0x0000000002e65000 Exception <a 'sun/nio/fs/WindowsException'> (0x00000000e21775c8) thrown at [C:\re\workspace\8-2-build-windows-amd64-cygwin\jdk8u231\13620\hotspot\src\share\vm\prims\jni.cpp, line 710]
Event: 3.023 Thread 0x0000000002e65000 Exception <a 'sun/nio/fs/WindowsException'> (0x00000000e2177df8) thrown at [C:\re\workspace\8-2-build-windows-amd64-cygwin\jdk8u231\13620\hotspot\src\share\vm\prims\jni.cpp, line 710]
Event: 3.023 Thread 0x0000000002e65000 Exception <a 'sun/nio/fs/WindowsException'> (0x00000000e2178660) thrown at [C:\re\workspace\8-2-build-windows-amd64-cygwin\jdk8u231\13620\hotspot\src\share\vm\prims\jni.cpp, line 710]
Event: 3.023 Thread 0x0000000002e65000 Exception <a 'sun/nio/fs/WindowsException'> (0x00000000e2179338) thrown at [C:\re\workspace\8-2-build-windows-amd64-cygwin\jdk8u231\13620\hotspot\src\share\vm\prims\jni.cpp, line 710]
Event: 3.051 Thread 0x0000000002e65000 Exception <a 'sun/nio/fs/WindowsException'> (0x00000000e23bead8) thrown at [C:\re\workspace\8-2-build-windows-amd64-cygwin\jdk8u231\13620\hotspot\src\share\vm\prims\jni.cpp, line 710]
Event: 3.053 Thread 0x0000000002e65000 Exception <a 'sun/nio/fs/WindowsException'> (0x00000000e23c3d68) thrown at [C:\re\workspace\8-2-build-windows-amd64-cygwin\jdk8u231\13620\hotspot\src\share\vm\prims\jni.cpp, line 710]

Events (10 events):
Event: 3.275 Thread 0x0000000002e65000 DEOPT PACKING pc=0x00000000032f8d30 sp=0x0000000002e5c9a0
Event: 3.275 Thread 0x0000000002e65000 DEOPT UNPACKING pc=0x0000000002fa583b sp=0x0000000002e5c950 mode 2
Event: 3.277 loading class sun/misc/URLClassPath$FileLoader$1
Event: 3.277 loading class sun/misc/URLClassPath$FileLoader$1 done
Event: 3.277 Executing VM operation: Deoptimize
Event: 3.277 Executing VM operation: Deoptimize done
Event: 3.292 loading class org/springframework/util/ReflectionUtils$MethodFilter
Event: 3.292 loading class org/springframework/util/ReflectionUtils$MethodFilter done
Event: 3.306 loading class org/springframework/util/ReflectionUtils$FieldFilter
Event: 3.306 loading class org/springframework/util/ReflectionUtils$FieldFilter done


Dynamic libraries:
0x00007ff74ac10000 - 0x00007ff74ac47000 	C:\Program Files\Java\jdk1.8.0_231\bin\java.exe
0x00007ff81b310000 - 0x00007ff81b506000 	C:\WINDOWS\SYSTEM32\ntdll.dll
0x00007ff819b60000 - 0x00007ff819c1d000 	C:\WINDOWS\System32\KERNEL32.DLL
0x00007ff818ff0000 - 0x00007ff8192b8000 	C:\WINDOWS\System32\KERNELBASE.dll
0x00007ff819ab0000 - 0x00007ff819b5c000 	C:\WINDOWS\System32\ADVAPI32.dll
0x00007ff81a520000 - 0x00007ff81a5be000 	C:\WINDOWS\System32\msvcrt.dll
0x00007ff81b200000 - 0x00007ff81b29b000 	C:\WINDOWS\System32\sechost.dll
0x00007ff819c30000 - 0x00007ff819d54000 	C:\WINDOWS\System32\RPCRT4.dll
0x00007ff819d60000 - 0x00007ff819f00000 	C:\WINDOWS\System32\USER32.dll
0x00007ff818c00000 - 0x00007ff818c22000 	C:\WINDOWS\System32\win32u.dll
0x00007ff819a20000 - 0x00007ff819a4a000 	C:\WINDOWS\System32\GDI32.dll
0x00007ff818ee0000 - 0x00007ff818fe9000 	C:\WINDOWS\System32\gdi32full.dll
0x00007ff818e40000 - 0x00007ff818edd000 	C:\WINDOWS\System32\msvcp_win.dll
0x00007ff818a20000 - 0x00007ff818b20000 	C:\WINDOWS\System32\ucrtbase.dll
0x00007ff80aab0000 - 0x00007ff80ad4b000 	C:\WINDOWS\WinSxS\amd64_microsoft.windows.common-controls_6595b64144ccf1df_6.0.19041.488_none_ca04af081b815d21\COMCTL32.dll
0x00007ff819750000 - 0x00007ff819780000 	C:\WINDOWS\System32\IMM32.DLL
0x000000005c120000 - 0x000000005c1f2000 	C:\Program Files\Java\jdk1.8.0_231\jre\bin\msvcr100.dll
0x000000005b870000 - 0x000000005c116000 	C:\Program Files\Java\jdk1.8.0_231\jre\bin\server\jvm.dll
0x00007ff819780000 - 0x00007ff819788000 	C:\WINDOWS\System32\PSAPI.DLL
0x00007ff8146c0000 - 0x00007ff8146c9000 	C:\WINDOWS\SYSTEM32\WSOCK32.dll
0x00007ff81a390000 - 0x00007ff81a3fb000 	C:\WINDOWS\System32\WS2_32.dll
0x00007ff814680000 - 0x00007ff8146a7000 	C:\WINDOWS\SYSTEM32\WINMM.dll
0x00007ff811980000 - 0x00007ff81198a000 	C:\WINDOWS\SYSTEM32\VERSION.dll
0x00007ff812e40000 - 0x00007ff812e4f000 	C:\Program Files\Java\jdk1.8.0_231\jre\bin\verify.dll
0x00007ff806ed0000 - 0x00007ff806ef9000 	C:\Program Files\Java\jdk1.8.0_231\jre\bin\java.dll
0x00007ff8100a0000 - 0x00007ff8100b6000 	C:\Program Files\Java\jdk1.8.0_231\jre\bin\zip.dll
0x00007ff81a9d0000 - 0x00007ff81b111000 	C:\WINDOWS\System32\SHELL32.dll
0x00007ff816b30000 - 0x00007ff8172c5000 	C:\WINDOWS\SYSTEM32\windows.storage.dll
0x00007ff81a5c0000 - 0x00007ff81a915000 	C:\WINDOWS\System32\combase.dll
0x00007ff818490000 - 0x00007ff8184bc000 	C:\WINDOWS\SYSTEM32\Wldp.dll
0x00007ff819560000 - 0x00007ff81960e000 	C:\WINDOWS\System32\SHCORE.dll
0x00007ff8193d0000 - 0x00007ff819425000 	C:\WINDOWS\System32\shlwapi.dll
0x00007ff818950000 - 0x00007ff818976000 	C:\WINDOWS\SYSTEM32\profapi.dll
0x00007ff8118d0000 - 0x00007ff8118ea000 	C:\Program Files\Java\jdk1.8.0_231\jre\bin\net.dll
0x00007ff818210000 - 0x00007ff81827a000 	C:\WINDOWS\system32\mswsock.dll
0x00007ff811250000 - 0x00007ff811267000 	C:\WINDOWS\system32\napinsp.dll
0x00007ff8111d0000 - 0x00007ff8111eb000 	C:\WINDOWS\system32\pnrpnsp.dll
0x00007ff813990000 - 0x00007ff8139a5000 	C:\WINDOWS\system32\wshbth.dll
0x00007ff8144b0000 - 0x00007ff8144cd000 	C:\WINDOWS\system32\NLAapi.dll
0x00007ff817eb0000 - 0x00007ff817eeb000 	C:\WINDOWS\SYSTEM32\IPHLPAPI.DLL
0x00007ff817ef0000 - 0x00007ff817fbb000 	C:\WINDOWS\SYSTEM32\DNSAPI.dll
0x00007ff819c20000 - 0x00007ff819c28000 	C:\WINDOWS\System32\NSI.dll
0x00007ff8101a0000 - 0x00007ff8101b2000 	C:\WINDOWS\System32\winrnr.dll
0x00007ff811820000 - 0x00007ff81182a000 	C:\Windows\System32\rasadhlp.dll
0x00007ff808cb0000 - 0x00007ff808d2f000 	C:\WINDOWS\System32\fwpuclnt.dll
0x00007ff818bd0000 - 0x00007ff818bf7000 	C:\WINDOWS\System32\bcrypt.dll
0x00007ff811510000 - 0x00007ff81151d000 	C:\Program Files\Java\jdk1.8.0_231\jre\bin\management.dll
0x00007ff806eb0000 - 0x00007ff806ec2000 	C:\Program Files\Java\jdk1.8.0_231\jre\bin\nio.dll

VM Arguments:
jvm_args: -Djava.security.egd=file:/dev/./urandom -Dfile.encoding=windows-1252 -Duser.country=FR -Duser.language=fr -Duser.variant 
java_command: org.akhikhl.gretty.Runner --statusPort=62024 --serverManagerFactory=org.akhikhl.gretty.ServerManagerFactory
java_class_path (initial): C:\Users\Massi\.gradle\caches\modules-2\files-2.1\org.gretty\gretty-runner-jetty94\3.0.3\501d8e6eec8888aff1c7916106c5563d2ae369de\gretty-runner-jetty94-3.0.3.jar;C:\Users\Massi\.gradle\caches\modules-2\files-2.1\org.gretty\gretty-runner-jetty\3.0.3\4a763fbd14e44a83f8c4c1e3ca3c2e67824b1df8\gretty-runner-jetty-3.0.3.jar;C:\Users\Massi\.gradle\caches\modules-2\files-2.1\org.eclipse.jetty\apache-jsp\9.4.24.v20191120\10417ae81aad1202f49557c9a158eef7bb1b5feb\apache-jsp-9.4.24.v20191120.jar;C:\Users\Massi\.gradle\caches\modules-2\files-2.1\org.eclipse.jetty.websocket\javax-websocket-server-impl\9.4.24.v20191120\3b8b3304a726eebdfc9352ceff0e7d94534be2c\javax-websocket-server-impl-9.4.24.v20191120.jar;C:\Users\Massi\.gradle\caches\modules-2\files-2.1\org.eclipse.jetty\jetty-annotations\9.4.24.v20191120\37e72cf6bb14892d9b6a0bfce4f0132622b2326\jetty-annotations-9.4.24.v20191120.jar;C:\Users\Massi\.gradle\caches\modules-2\files-2.1\org.eclipse.jetty\jetty-plus\9.4.24.v20191120\f420befc6c61e6cb7facb58e306f818b3db95b03\jetty-plus-9.4.24.v20191120.jar;C:\Users\Massi\.gradle\caches\modules-2\files-2.1\org.eclipse.jetty\jetty-webapp\9.4.24.v20191120\968d70676fa16b3d62487987624dd4e9ce5db123\jetty-webapp-9.4.24.v20191120.jar;C:\Users\Massi\.gradle\caches\modules-2\files-2.1\org.eclipse.jetty.websocket\websocket-server\9.4.24.v20191120\2ee3506b2be607b0ec478a835d1c69b0e1798719\websocket-server-9.4.24.v20191120.jar;C:\Users\Massi\.gradle\caches\modules-2\files-2.1\org.eclipse.jetty\jetty-servlet\9.4.24.v20191120\ca1803fde51b795c0a8346ca8bc6277d9d04d01d\jetty-servlet-9.4.24.v20191120.jar;C:\Users\Massi\.gradle\caches\modules-2\files-2.1\org.eclipse.jetty\jetty-security\9.4.24.v20191120\9fa640d36c088cf55843900043d28aef830ade4d\jetty-security-9.4.24.v20191120.jar;C:\Users\Massi\.gradle\caches\modules-2\files-2.1\org.eclipse.jetty\jetty-server\9.4.24.v20191120\7885cc3d5d7701a444acada7ab97f89846514875\jetty-server-9.4.24.v20191120.jar;C:\Users\Massi\.gradle\caches\
Launcher Type: SUN_STANDARD

Environment Variables:
CLASSPATH=C:\Javalib\antlr4-complete.jar;C:\Javalib\antlr4-complete.jar;C:\Javalib\antlr4-complete.jar;%CLASSPATH%
PATH=C:\Program Files (x86)\Intel\iCLS Client\;C:\Program Files\Intel\iCLS Client\;C:\Windows\system32;C:\Windows;C:\Windows\System32\Wbem;C:\Windows\System32\WindowsPowerShell\v1.0\;C:\Program Files (x86)\Intel\Intel(R) Management Engine Components\DAL;C:\Program Files\Intel\Intel(R) Management Engine Components\DAL;C:\Program Files (x86)\Intel\Intel(R) Management Engine Components\IPT;C:\Program Files\Intel\Intel(R) Management Engine Components\IPT;C:\Program Files (x86)\NVIDIA Corporation\PhysX\Common;C:\WINDOWS\system32;C:\WINDOWS;C:\WINDOWS\System32\Wbem;C:\WINDOWS\System32\WindowsPowerShell\v1.0\;C:\WINDOWS\System32\OpenSSH\;C:\Program Files\Java\jdk1.8.0_231\bin;C:\Program Files\Java\jre1.8.0_231\bin;C:\Program Files\nodejs\;C:\Program Files\Microsoft SQL Server\130\Tools\Binn\;C:\Program Files\dotnet\;C:\Program Files\Microsoft SQL Server\Client SDK\ODBC\170\Tools\Binn\;C:\Program Files\Git\cmd;C:\Program Files (x86)\Brackets\command;C:\Program Files\MongoDB\Server\4.4\bin;C:\wamp64\bin\php\php7.3.12;C:\Gradle\gradle-6.7\bin;;C:\Program Files\Symfony;C:\Users\Massi\AppData\Local\Programs\Python\Python38-32\Scripts\;C:\Users\Massi\AppData\Local\Programs\Python\Python38-32\;C:\Users\Massi\AppData\Local\Microsoft\WindowsApps;C:\Users\Massi\AppData\Roaming\npm;C:\Program Files\heroku\bin;C:\Program Files\Java\jdk1.8.0_231;D:\Programmation\java\apache-maven-3.6.3\bin;D:\IntelliJ IDEA 2020.2.3\bin;;C:\Users\Massi\AppData\Local\Programs\Microsoft VS Code\bin
USERNAME=Massi
OS=Windows_NT
PROCESSOR_IDENTIFIER=Intel64 Family 6 Model 158 Stepping 9, GenuineIntel



---------------  S Y S T E M  ---------------

OS: Windows 10.0 , 64 bit Build 19041 (10.0.19041.546)

CPU:total 4 (initial active 4) (4 cores per cpu, 1 threads per core) family 6 model 158 stepping 9, cmov, cx8, fxsr, mmx, sse, sse2, sse3, ssse3, sse4.1, sse4.2, popcnt, avx, avx2, aes, clmul, erms, 3dnowpref, lzcnt, tsc, tscinvbit, bmi1, bmi2, adx

Memory: 4k page, physical 6172260k(485092k free), swap 11415140k(5432k free)

vm_info: Java HotSpot(TM) 64-Bit Server VM (25.231-b11) for windows-amd64 JRE (1.8.0_231-b11), built on Oct  5 2019 03:11:30 by "java_re" with MS VC++ 10.0 (VS2010)

time: Sat Nov 21 11:05:42 2020
timezone: Paris, Madrid
elapsed time: 3 seconds (0d 0h 0m 3s)

