#
# There is insufficient memory for the Java Runtime Environment to continue.
# Native memory allocation (malloc) failed to allocate 600496 bytes for Chunk::new
# Possible reasons:
#   The system is out of physical RAM or swap space
#   The process is running with CompressedOops enabled, and the Java Heap may be blocking the growth of the native heap
# Possible solutions:
#   Reduce memory load on the system
#   Increase physical memory or swap space
#   Check if swap backing store is full
#   Decrease Java heap size (-Xmx/-Xms)
#   Decrease number of Java threads
#   Decrease Java thread stack sizes (-Xss)
#   Set larger code cache with -XX:ReservedCodeCacheSize=
#   JVM is running with Unscaled Compressed Oops mode in which the Java heap is
#     placed in the first 4GB address space. The Java Heap base address is the
#     maximum limit for the native heap growth. Please use -XX:HeapBaseMinAddress
#     to set the Java Heap base and to place the Java Heap above 4GB virtual address.
# This output file may be truncated or incomplete.
#
#  Out of Memory Error (allocation.cpp:389), pid=7336, tid=0x0000000000001b64
#
# JRE version: Java(TM) SE Runtime Environment (8.0_231-b11) (build 1.8.0_231-b11)
# Java VM: Java HotSpot(TM) 64-Bit Server VM (25.231-b11 mixed mode windows-amd64 compressed oops)
# Failed to write core dump. Minidumps are not enabled by default on client versions of Windows
#

---------------  T H R E A D  ---------------

Current thread (0x0000000016950800):  JavaThread "C2 CompilerThread0" daemon [_thread_in_native, id=7012, stack(0x0000000017ff0000,0x00000000180f0000)]

Stack: [0x0000000017ff0000,0x00000000180f0000]
[error occurred during error reporting (printing stack bounds), id 0xc0000005]

Native frames: (J=compiled Java code, j=interpreted, Vv=VM code, C=native code)


Current CompileTask:
C2: 392285 4028   !   4       sun.misc.URLClassPath$JarLoader::getResource (353 bytes)


---------------  P R O C E S S  ---------------

Java Threads: ( => current thread )
  0x000000001a082800 JavaThread "Session-HouseKeeper-4afd21c6-1" [_thread_blocked, id=10932, stack(0x000000001eaf0000,0x000000001ebf0000)]
  0x000000001a085000 JavaThread "qtp1894978338-71" [_thread_blocked, id=6364, stack(0x000000001e9f0000,0x000000001eaf0000)]
  0x000000001a089000 JavaThread "qtp1894978338-70" [_thread_blocked, id=10832, stack(0x000000001d8b0000,0x000000001d9b0000)]
  0x000000001a086000 JavaThread "qtp1894978338-69" [_thread_blocked, id=8208, stack(0x000000001d7b0000,0x000000001d8b0000)]
  0x000000001a086800 JavaThread "qtp1894978338-68" [_thread_blocked, id=7584, stack(0x000000001d220000,0x000000001d320000)]
  0x000000001a089800 JavaThread "qtp1894978338-67" [_thread_blocked, id=8928, stack(0x000000001d120000,0x000000001d220000)]
  0x000000001a084800 JavaThread "qtp1894978338-66" [_thread_blocked, id=3352, stack(0x000000001aa70000,0x000000001ab70000)]
  0x000000001a087800 JavaThread "qtp1894978338-65" [_thread_blocked, id=11016, stack(0x0000000001430000,0x0000000001530000)]
  0x000000001a083800 JavaThread "qtp1894978338-64" [_thread_blocked, id=15856, stack(0x0000000001330000,0x0000000001430000)]
  0x000000001a088000 JavaThread "SeedGenerator Thread" daemon [_thread_blocked, id=4976, stack(0x000000001eef0000,0x000000001eff0000)]
  0x00000000169ad000 JavaThread "Service Thread" daemon [_thread_blocked, id=6060, stack(0x00000000186f0000,0x00000000187f0000)]
  0x0000000016961000 JavaThread "C1 CompilerThread2" daemon [_thread_blocked, id=1564, stack(0x00000000181f0000,0x00000000182f0000)]
  0x0000000016953000 JavaThread "C2 CompilerThread1" daemon [_thread_blocked, id=12644, stack(0x00000000180f0000,0x00000000181f0000)]
=>0x0000000016950800 JavaThread "C2 CompilerThread0" daemon [_thread_in_native, id=7012, stack(0x0000000017ff0000,0x00000000180f0000)]
  0x0000000016960000 JavaThread "Attach Listener" daemon [_thread_blocked, id=8660, stack(0x0000000017ef0000,0x0000000017ff0000)]
  0x000000001695f000 JavaThread "Signal Dispatcher" daemon [_thread_blocked, id=4924, stack(0x0000000017df0000,0x0000000017ef0000)]
  0x00000000030ce000 JavaThread "Finalizer" daemon [_thread_blocked, id=9040, stack(0x0000000017bc0000,0x0000000017cc0000)]
  0x000000001693a000 JavaThread "Reference Handler" daemon [_thread_blocked, id=6124, stack(0x0000000017ac0000,0x0000000017bc0000)]
  0x0000000002fd5000 JavaThread "main" [_thread_in_native, id=15944, stack(0x0000000002ed0000,0x0000000002fd0000)]

Other Threads:
  0x0000000016918000 VMThread [stack: 0x00000000179c0000,0x0000000017ac0000] [id=1144]
  0x00000000169ae800 WatcherThread [stack: 0x00000000187f0000,0x00000000188f0000] [id=11420]

VM state:not at safepoint (normal execution)

VM Mutex/Monitor currently owned by a thread: None

heap address: 0x00000000a1c00000, size: 1508 MB, Compressed Oops mode: 32-bit
Narrow klass base: 0x0000000000000000, Narrow klass shift: 3
Compressed class space size: 1073741824 Address: 0x0000000100000000

Heap:
 PSYoungGen      total 205824K, used 62838K [0x00000000e0980000, 0x00000000ef100000, 0x0000000100000000)
  eden space 184320K, 22% used [0x00000000e0980000,0x00000000e31dde88,0x00000000ebd80000)
  from space 21504K, 99% used [0x00000000edc00000,0x00000000ef0ffd48,0x00000000ef100000)
  to   space 15360K, 0% used [0x00000000ebd80000,0x00000000ebd80000,0x00000000ecc80000)
 ParOldGen       total 99840K, used 50460K [0x00000000a1c00000, 0x00000000a7d80000, 0x00000000e0980000)
  object space 99840K, 50% used [0x00000000a1c00000,0x00000000a4d470f8,0x00000000a7d80000)
 Metaspace       used 44079K, capacity 45488K, committed 45656K, reserved 1089536K
  class space    used 5157K, capacity 5485K, committed 5504K, reserved 1048576K

Card table byte_map: [0x0000000012490000,0x0000000012790000] byte_map_base: 0x0000000011f82000

Marking Bits: (ParMarkBitMap*) 0x000000005c0b6d90
 Begin Bits: [0x0000000012d90000, 0x0000000014520000)
 End Bits:   [0x0000000014520000, 0x0000000015cb0000)

Polling page: 0x0000000002dd0000

CodeCache: size=245760Kb used=13834Kb max_used=13834Kb free=231925Kb
 bounds [0x00000000030d0000, 0x0000000003e70000, 0x00000000120d0000]
 total_blobs=4248 nmethods=3518 adapters=642
 compilation: enabled

Compilation events (10 events):
Event: 392.277 Thread 0x0000000016961000 4046       3       org.springframework.core.annotation.TypeMappedAnnotations::get (8 bytes)
Event: 392.277 Thread 0x0000000016961000 nmethod 4046 0x0000000003a95250 code [0x0000000003a953c0, 0x0000000003a955e8]
Event: 392.278 Thread 0x0000000016961000 4047       3       jdk.internal.org.objectweb.asm.ClassWriter::<init> (122 bytes)
Event: 392.278 Thread 0x0000000016961000 nmethod 4047 0x0000000003adb590 code [0x0000000003adb7a0, 0x0000000003adc1c8]
Event: 392.278 Thread 0x0000000016961000 4050       3       jdk.internal.org.objectweb.asm.ClassWriter::visit (121 bytes)
Event: 392.278 Thread 0x0000000016961000 nmethod 4050 0x0000000003ad77d0 code [0x0000000003ad79a0, 0x0000000003ad8098]
Event: 392.278 Thread 0x0000000016961000 4048       3       jdk.internal.org.objectweb.asm.ClassVisitor::<init> (7 bytes)
Event: 392.279 Thread 0x0000000016961000 nmethod 4048 0x0000000003a94b10 code [0x0000000003a94ca0, 0x0000000003a95008]
Event: 392.279 Thread 0x0000000016961000 4049       3       jdk.internal.org.objectweb.asm.ClassVisitor::<init> (35 bytes)
Event: 392.279 Thread 0x0000000016961000 nmethod 4049 0x0000000003adb010 code [0x0000000003adb180, 0x0000000003adb488]

GC Heap History (10 events):
Event: 3.297 GC heap before
{Heap before GC invocations=8 (full 1):
 PSYoungGen      total 106496K, used 9062K [0x00000000e0980000, 0x00000000edb80000, 0x0000000100000000)
  eden space 96256K, 0% used [0x00000000e0980000,0x00000000e0980000,0x00000000e6780000)
  from space 10240K, 88% used [0x00000000e6780000,0x00000000e7059bd8,0x00000000e7180000)
  to   space 11264K, 0% used [0x00000000ed080000,0x00000000ed080000,0x00000000edb80000)
 ParOldGen       total 65536K, used 13662K [0x00000000a1c00000, 0x00000000a5c00000, 0x00000000e0980000)
  object space 65536K, 20% used [0x00000000a1c00000,0x00000000a2957938,0x00000000a5c00000)
 Metaspace       used 20629K, capacity 21176K, committed 21248K, reserved 1069056K
  class space    used 2386K, capacity 2540K, committed 2560K, reserved 1048576K
Event: 3.394 GC heap after
Heap after GC invocations=8 (full 1):
 PSYoungGen      total 106496K, used 0K [0x00000000e0980000, 0x00000000edb80000, 0x0000000100000000)
  eden space 96256K, 0% used [0x00000000e0980000,0x00000000e0980000,0x00000000e6780000)
  from space 10240K, 0% used [0x00000000e6780000,0x00000000e6780000,0x00000000e7180000)
  to   space 11264K, 0% used [0x00000000ed080000,0x00000000ed080000,0x00000000edb80000)
 ParOldGen       total 60928K, used 21121K [0x00000000a1c00000, 0x00000000a5780000, 0x00000000e0980000)
  object space 60928K, 34% used [0x00000000a1c00000,0x00000000a30a0758,0x00000000a5780000)
 Metaspace       used 20629K, capacity 21176K, committed 21248K, reserved 1069056K
  class space    used 2386K, capacity 2540K, committed 2560K, reserved 1048576K
}
Event: 3.876 GC heap before
{Heap before GC invocations=9 (full 1):
 PSYoungGen      total 106496K, used 96256K [0x00000000e0980000, 0x00000000edb80000, 0x0000000100000000)
  eden space 96256K, 100% used [0x00000000e0980000,0x00000000e6780000,0x00000000e6780000)
  from space 10240K, 0% used [0x00000000e6780000,0x00000000e6780000,0x00000000e7180000)
  to   space 11264K, 0% used [0x00000000ed080000,0x00000000ed080000,0x00000000edb80000)
 ParOldGen       total 60928K, used 21121K [0x00000000a1c00000, 0x00000000a5780000, 0x00000000e0980000)
  object space 60928K, 34% used [0x00000000a1c00000,0x00000000a30a0758,0x00000000a5780000)
 Metaspace       used 22580K, capacity 23208K, committed 23296K, reserved 1069056K
  class space    used 2599K, capacity 2759K, committed 2816K, reserved 1048576K
Event: 3.897 GC heap after
Heap after GC invocations=9 (full 1):
 PSYoungGen      total 161280K, used 11232K [0x00000000e0980000, 0x00000000edb80000, 0x0000000100000000)
  eden space 150016K, 0% used [0x00000000e0980000,0x00000000e0980000,0x00000000e9c00000)
  from space 11264K, 99% used [0x00000000ed080000,0x00000000edb782f0,0x00000000edb80000)
  to   space 15360K, 0% used [0x00000000ebd80000,0x00000000ebd80000,0x00000000ecc80000)
 ParOldGen       total 60928K, used 27214K [0x00000000a1c00000, 0x00000000a5780000, 0x00000000e0980000)
  object space 60928K, 44% used [0x00000000a1c00000,0x00000000a3693bd0,0x00000000a5780000)
 Metaspace       used 22580K, capacity 23208K, committed 23296K, reserved 1069056K
  class space    used 2599K, capacity 2759K, committed 2816K, reserved 1048576K
}
Event: 21.759 GC heap before
{Heap before GC invocations=10 (full 1):
 PSYoungGen      total 161280K, used 160171K [0x00000000e0980000, 0x00000000edb80000, 0x0000000100000000)
  eden space 150016K, 99% used [0x00000000e0980000,0x00000000e9af2c50,0x00000000e9c00000)
  from space 11264K, 99% used [0x00000000ed080000,0x00000000edb782f0,0x00000000edb80000)
  to   space 15360K, 0% used [0x00000000ebd80000,0x00000000ebd80000,0x00000000ecc80000)
 ParOldGen       total 60928K, used 27214K [0x00000000a1c00000, 0x00000000a5780000, 0x00000000e0980000)
  object space 60928K, 44% used [0x00000000a1c00000,0x00000000a3693bd0,0x00000000a5780000)
 Metaspace       used 34189K, capacity 35314K, committed 35416K, reserved 1081344K
  class space    used 4139K, capacity 4423K, committed 4480K, reserved 1048576K
Event: 21.791 GC heap after
Heap after GC invocations=10 (full 1):
 PSYoungGen      total 199680K, used 15354K [0x00000000e0980000, 0x00000000ef100000, 0x0000000100000000)
  eden space 184320K, 0% used [0x00000000e0980000,0x00000000e0980000,0x00000000ebd80000)
  from space 15360K, 99% used [0x00000000ebd80000,0x00000000ecc7ea78,0x00000000ecc80000)
  to   space 21504K, 0% used [0x00000000edc00000,0x00000000edc00000,0x00000000ef100000)
 ParOldGen       total 60928K, used 38034K [0x00000000a1c00000, 0x00000000a5780000, 0x00000000e0980000)
  object space 60928K, 62% used [0x00000000a1c00000,0x00000000a41249f0,0x00000000a5780000)
 Metaspace       used 34189K, capacity 35314K, committed 35416K, reserved 1081344K
  class space    used 4139K, capacity 4423K, committed 4480K, reserved 1048576K
}
Event: 21.791 GC heap before
{Heap before GC invocations=11 (full 2):
 PSYoungGen      total 199680K, used 15354K [0x00000000e0980000, 0x00000000ef100000, 0x0000000100000000)
  eden space 184320K, 0% used [0x00000000e0980000,0x00000000e0980000,0x00000000ebd80000)
  from space 15360K, 99% used [0x00000000ebd80000,0x00000000ecc7ea78,0x00000000ecc80000)
  to   space 21504K, 0% used [0x00000000edc00000,0x00000000edc00000,0x00000000ef100000)
 ParOldGen       total 60928K, used 38034K [0x00000000a1c00000, 0x00000000a5780000, 0x00000000e0980000)
  object space 60928K, 62% used [0x00000000a1c00000,0x00000000a41249f0,0x00000000a5780000)
 Metaspace       used 34189K, capacity 35314K, committed 35416K, reserved 1081344K
  class space    used 4139K, capacity 4423K, committed 4480K, reserved 1048576K
Event: 21.925 GC heap after
Heap after GC invocations=11 (full 2):
 PSYoungGen      total 199680K, used 0K [0x00000000e0980000, 0x00000000ef100000, 0x0000000100000000)
  eden space 184320K, 0% used [0x00000000e0980000,0x00000000e0980000,0x00000000ebd80000)
  from space 15360K, 0% used [0x00000000ebd80000,0x00000000ebd80000,0x00000000ecc80000)
  to   space 21504K, 0% used [0x00000000edc00000,0x00000000edc00000,0x00000000ef100000)
 ParOldGen       total 99840K, used 41068K [0x00000000a1c00000, 0x00000000a7d80000, 0x00000000e0980000)
  object space 99840K, 41% used [0x00000000a1c00000,0x00000000a441b228,0x00000000a7d80000)
 Metaspace       used 34185K, capacity 35302K, committed 35416K, reserved 1081344K
  class space    used 4138K, capacity 4421K, committed 4480K, reserved 1048576K
}
Event: 390.604 GC heap before
{Heap before GC invocations=12 (full 2):
 PSYoungGen      total 199680K, used 184320K [0x00000000e0980000, 0x00000000ef100000, 0x0000000100000000)
  eden space 184320K, 100% used [0x00000000e0980000,0x00000000ebd80000,0x00000000ebd80000)
  from space 15360K, 0% used [0x00000000ebd80000,0x00000000ebd80000,0x00000000ecc80000)
  to   space 21504K, 0% used [0x00000000edc00000,0x00000000edc00000,0x00000000ef100000)
 ParOldGen       total 99840K, used 41068K [0x00000000a1c00000, 0x00000000a7d80000, 0x00000000e0980000)
  object space 99840K, 41% used [0x00000000a1c00000,0x00000000a441b228,0x00000000a7d80000)
 Metaspace       used 39776K, capacity 40980K, committed 41304K, reserved 1085440K
  class space    used 4600K, capacity 4896K, committed 4992K, reserved 1048576K
Event: 390.933 GC heap after
Heap after GC invocations=12 (full 2):
 PSYoungGen      total 205824K, used 21503K [0x00000000e0980000, 0x00000000ef100000, 0x0000000100000000)
  eden space 184320K, 0% used [0x00000000e0980000,0x00000000e0980000,0x00000000ebd80000)
  from space 21504K, 99% used [0x00000000edc00000,0x00000000ef0ffd48,0x00000000ef100000)
  to   space 15360K, 0% used [0x00000000ebd80000,0x00000000ebd80000,0x00000000ecc80000)
 ParOldGen       total 99840K, used 50460K [0x00000000a1c00000, 0x00000000a7d80000, 0x00000000e0980000)
  object space 99840K, 50% used [0x00000000a1c00000,0x00000000a4d470f8,0x00000000a7d80000)
 Metaspace       used 39776K, capacity 40980K, committed 41304K, reserved 1085440K
  class space    used 4600K, capacity 4896K, committed 4992K, reserved 1048576K
}

Deoptimization events (10 events):
Event: 22.838 Thread 0x000000001a086000 Uncommon trap: reason=bimorphic action=maybe_recompile pc=0x0000000003d84d94 method=java.util.HashMap.putVal(ILjava/lang/Object;Ljava/lang/Object;ZZ)Ljava/lang/Object; @ 203
Event: 389.957 Thread 0x0000000002fd5000 Uncommon trap: reason=class_check action=maybe_recompile pc=0x0000000003b43728 method=com.sun.org.apache.xerces.internal.parsers.AbstractSAXParser.endElement(Lcom/sun/org/apache/xerces/internal/xni/QName;Lcom/sun/org/apache/xerces/internal/xni/Augmentatio
Event: 389.957 Thread 0x0000000002fd5000 Uncommon trap: reason=class_check action=maybe_recompile pc=0x0000000003b43728 method=com.sun.org.apache.xerces.internal.parsers.AbstractSAXParser.endElement(Lcom/sun/org/apache/xerces/internal/xni/QName;Lcom/sun/org/apache/xerces/internal/xni/Augmentatio
Event: 389.958 Thread 0x0000000002fd5000 Uncommon trap: reason=class_check action=maybe_recompile pc=0x0000000003b43728 method=com.sun.org.apache.xerces.internal.parsers.AbstractSAXParser.endElement(Lcom/sun/org/apache/xerces/internal/xni/QName;Lcom/sun/org/apache/xerces/internal/xni/Augmentatio
Event: 389.958 Thread 0x0000000002fd5000 Uncommon trap: reason=class_check action=maybe_recompile pc=0x0000000003b43728 method=com.sun.org.apache.xerces.internal.parsers.AbstractSAXParser.endElement(Lcom/sun/org/apache/xerces/internal/xni/QName;Lcom/sun/org/apache/xerces/internal/xni/Augmentatio
Event: 390.041 Thread 0x000000001a084800 Uncommon trap: reason=unstable_if action=reinterpret pc=0x0000000003a4564c method=java.util.concurrent.ConcurrentHashMap.putVal(Ljava/lang/Object;Ljava/lang/Object;Z)Ljava/lang/Object; @ 147
Event: 391.933 Thread 0x0000000002fd5000 Uncommon trap: reason=class_check action=maybe_recompile pc=0x000000000399c92c method=java.lang.reflect.Executable.getAnnotation(Ljava/lang/Class;)Ljava/lang/annotation/Annotation; @ 19
Event: 391.933 Thread 0x0000000002fd5000 Uncommon trap: reason=class_check action=maybe_recompile pc=0x000000000399c92c method=java.lang.reflect.Executable.getAnnotation(Ljava/lang/Class;)Ljava/lang/annotation/Annotation; @ 19
Event: 391.937 Thread 0x0000000002fd5000 Uncommon trap: reason=class_check action=maybe_recompile pc=0x000000000399c92c method=java.lang.reflect.Executable.getAnnotation(Ljava/lang/Class;)Ljava/lang/annotation/Annotation; @ 19
Event: 391.937 Thread 0x0000000002fd5000 Uncommon trap: reason=class_check action=maybe_recompile pc=0x000000000399c92c method=java.lang.reflect.Executable.getAnnotation(Ljava/lang/Class;)Ljava/lang/annotation/Annotation; @ 19

Classes redefined (0 events):
No events

Internal exceptions (10 events):
Event: 392.241 Thread 0x0000000002fd5000 Exception <a 'java/lang/ClassNotFoundException': java/lang/ObjectBeanInfo> (0x00000000e2ed0eb8) thrown at [C:\re\workspace\8-2-build-windows-amd64-cygwin\jdk8u231\13620\hotspot\src\share\vm\classfile\systemDictionary.cpp, line 210]
Event: 392.242 Thread 0x0000000002fd5000 Exception <a 'java/lang/ClassNotFoundException': java/lang/ObjectCustomizer> (0x00000000e2ed7950) thrown at [C:\re\workspace\8-2-build-windows-amd64-cygwin\jdk8u231\13620\hotspot\src\share\vm\classfile\systemDictionary.cpp, line 210]
Event: 392.243 Thread 0x0000000002fd5000 Exception <a 'java/lang/ClassNotFoundException': org/springframework/web/servlet/config/annotation/WebMvcConfigurationSupportCustomizer> (0x00000000e2ef6548) thrown at [C:\re\workspace\8-2-build-windows-amd64-cygwin\jdk8u231\13620\hotspot\src\share\vm\cla
Event: 392.251 Thread 0x0000000002fd5000 Exception <a 'java/lang/ClassNotFoundException': org/springframework/web/servlet/config/annotation/DelegatingWebMvcConfigurationCustomizer> (0x00000000e2f26cc8) thrown at [C:\re\workspace\8-2-build-windows-amd64-cygwin\jdk8u231\13620\hotspot\src\share\vm\
Event: 392.257 Thread 0x0000000002fd5000 Exception <a 'java/lang/ClassNotFoundException': org/springframework/context/ApplicationContextAwareBeanInfo> (0x00000000e2f76160) thrown at [C:\re\workspace\8-2-build-windows-amd64-cygwin\jdk8u231\13620\hotspot\src\share\vm\classfile\systemDictionary.cpp
Event: 392.265 Thread 0x0000000002fd5000 Exception <a 'java/lang/ClassNotFoundException': org/springframework/context/ApplicationContextAwareCustomizer> (0x00000000e2f8aee8) thrown at [C:\re\workspace\8-2-build-windows-amd64-cygwin\jdk8u231\13620\hotspot\src\share\vm\classfile\systemDictionary.c
Event: 392.266 Thread 0x0000000002fd5000 Exception <a 'java/lang/ClassNotFoundException': org/springframework/beans/factory/AwareBeanInfo> (0x00000000e2f9e748) thrown at [C:\re\workspace\8-2-build-windows-amd64-cygwin\jdk8u231\13620\hotspot\src\share\vm\classfile\systemDictionary.cpp, line 210]
Event: 392.267 Thread 0x0000000002fd5000 Exception <a 'java/lang/ClassNotFoundException': org/springframework/beans/factory/AwareCustomizer> (0x00000000e2fb0808) thrown at [C:\re\workspace\8-2-build-windows-amd64-cygwin\jdk8u231\13620\hotspot\src\share\vm\classfile\systemDictionary.cpp, line 210
Event: 392.267 Thread 0x0000000002fd5000 Exception <a 'java/lang/ClassNotFoundException': org/springframework/web/context/ServletContextAwareBeanInfo> (0x00000000e2fc5658) thrown at [C:\re\workspace\8-2-build-windows-amd64-cygwin\jdk8u231\13620\hotspot\src\share\vm\classfile\systemDictionary.cpp
Event: 392.268 Thread 0x0000000002fd5000 Exception <a 'java/lang/ClassNotFoundException': org/springframework/web/context/ServletContextAwareCustomizer> (0x00000000e2fda408) thrown at [C:\re\workspace\8-2-build-windows-amd64-cygwin\jdk8u231\13620\hotspot\src\share\vm\classfile\systemDictionary.c

Events (10 events):
Event: 392.277 loading class org/springframework/core/annotation/MergedAnnotation
Event: 392.277 loading class org/springframework/core/annotation/MergedAnnotation done
Event: 392.282 loading class org/springframework/beans/factory/support/RootBeanDefinition
Event: 392.282 loading class org/springframework/beans/factory/support/RootBeanDefinition done
Event: 392.282 loading class org/springframework/beans/factory/config/BeanDefinitionHolder
Event: 392.282 loading class org/springframework/beans/factory/config/BeanDefinitionHolder done
Event: 392.282 loading class org/springframework/beans/factory/support/DefaultListableBeanFactory
Event: 392.282 loading class org/springframework/beans/factory/support/DefaultListableBeanFactory done
Event: 392.283 loading class org/springframework/core/SimpleAliasRegistry
Event: 392.283 loading class org/springframework/core/SimpleAliasRegistry done


Dynamic libraries:
0x00007ff6cb110000 - 0x00007ff6cb147000 	C:\Program Files\Java\jdk1.8.0_231\bin\java.exe
0x00007ff81b310000 - 0x00007ff81b506000 	C:\WINDOWS\SYSTEM32\ntdll.dll
0x00007ff819b60000 - 0x00007ff819c1d000 	C:\WINDOWS\System32\KERNEL32.DLL
0x00007ff818ff0000 - 0x00007ff8192b8000 	C:\WINDOWS\System32\KERNELBASE.dll
0x00007ff819ab0000 - 0x00007ff819b5c000 	C:\WINDOWS\System32\ADVAPI32.dll
0x00007ff81a520000 - 0x00007ff81a5be000 	C:\WINDOWS\System32\msvcrt.dll
0x00007ff81b200000 - 0x00007ff81b29b000 	C:\WINDOWS\System32\sechost.dll
0x00007ff819c30000 - 0x00007ff819d54000 	C:\WINDOWS\System32\RPCRT4.dll
0x00007ff819d60000 - 0x00007ff819f00000 	C:\WINDOWS\System32\USER32.dll
0x00007ff818c00000 - 0x00007ff818c22000 	C:\WINDOWS\System32\win32u.dll
0x00007ff819a20000 - 0x00007ff819a4a000 	C:\WINDOWS\System32\GDI32.dll
0x00007ff818ee0000 - 0x00007ff818fe9000 	C:\WINDOWS\System32\gdi32full.dll
0x00007ff818e40000 - 0x00007ff818edd000 	C:\WINDOWS\System32\msvcp_win.dll
0x00007ff818a20000 - 0x00007ff818b20000 	C:\WINDOWS\System32\ucrtbase.dll
0x00007ff80aab0000 - 0x00007ff80ad4b000 	C:\WINDOWS\WinSxS\amd64_microsoft.windows.common-controls_6595b64144ccf1df_6.0.19041.488_none_ca04af081b815d21\COMCTL32.dll
0x00007ff819750000 - 0x00007ff819780000 	C:\WINDOWS\System32\IMM32.DLL
0x000000005c140000 - 0x000000005c212000 	C:\Program Files\Java\jdk1.8.0_231\jre\bin\msvcr100.dll
0x000000005b890000 - 0x000000005c136000 	C:\Program Files\Java\jdk1.8.0_231\jre\bin\server\jvm.dll
0x00007ff819780000 - 0x00007ff819788000 	C:\WINDOWS\System32\PSAPI.DLL
0x00007ff814680000 - 0x00007ff8146a7000 	C:\WINDOWS\SYSTEM32\WINMM.dll
0x00007ff814710000 - 0x00007ff814719000 	C:\WINDOWS\SYSTEM32\WSOCK32.dll
0x00007ff81a390000 - 0x00007ff81a3fb000 	C:\WINDOWS\System32\WS2_32.dll
0x00007ff811980000 - 0x00007ff81198a000 	C:\WINDOWS\SYSTEM32\VERSION.dll
0x00007ff814760000 - 0x00007ff81476f000 	C:\Program Files\Java\jdk1.8.0_231\jre\bin\verify.dll
0x00007ff8118a0000 - 0x00007ff8118c9000 	C:\Program Files\Java\jdk1.8.0_231\jre\bin\java.dll
0x00007ff8146b0000 - 0x00007ff8146c6000 	C:\Program Files\Java\jdk1.8.0_231\jre\bin\zip.dll
0x00007ff81a9d0000 - 0x00007ff81b111000 	C:\WINDOWS\System32\SHELL32.dll
0x00007ff816b30000 - 0x00007ff8172c5000 	C:\WINDOWS\SYSTEM32\windows.storage.dll
0x00007ff81a5c0000 - 0x00007ff81a915000 	C:\WINDOWS\System32\combase.dll
0x00007ff818490000 - 0x00007ff8184bc000 	C:\WINDOWS\SYSTEM32\Wldp.dll
0x00007ff819560000 - 0x00007ff81960e000 	C:\WINDOWS\System32\SHCORE.dll
0x00007ff8193d0000 - 0x00007ff819425000 	C:\WINDOWS\System32\shlwapi.dll
0x00007ff818950000 - 0x00007ff818976000 	C:\WINDOWS\SYSTEM32\profapi.dll
0x00007ff8134d0000 - 0x00007ff8134ea000 	C:\Program Files\Java\jdk1.8.0_231\jre\bin\net.dll
0x00007ff818210000 - 0x00007ff81827a000 	C:\WINDOWS\system32\mswsock.dll
0x00007ff811250000 - 0x00007ff811267000 	C:\WINDOWS\system32\napinsp.dll
0x00007ff8111d0000 - 0x00007ff8111eb000 	C:\WINDOWS\system32\pnrpnsp.dll
0x00007ff813990000 - 0x00007ff8139a5000 	C:\WINDOWS\system32\wshbth.dll
0x00007ff8144b0000 - 0x00007ff8144cd000 	C:\WINDOWS\system32\NLAapi.dll
0x00007ff817eb0000 - 0x00007ff817eeb000 	C:\WINDOWS\SYSTEM32\IPHLPAPI.DLL
0x00007ff817ef0000 - 0x00007ff817fbb000 	C:\WINDOWS\SYSTEM32\DNSAPI.dll
0x00007ff819c20000 - 0x00007ff819c28000 	C:\WINDOWS\System32\NSI.dll
0x00007ff8101a0000 - 0x00007ff8101b2000 	C:\WINDOWS\System32\winrnr.dll
0x00007ff811820000 - 0x00007ff81182a000 	C:\Windows\System32\rasadhlp.dll
0x00007ff808cb0000 - 0x00007ff808d2f000 	C:\WINDOWS\System32\fwpuclnt.dll
0x00007ff818bd0000 - 0x00007ff818bf7000 	C:\WINDOWS\System32\bcrypt.dll
0x00007ff8146e0000 - 0x00007ff8146ed000 	C:\Program Files\Java\jdk1.8.0_231\jre\bin\management.dll
0x00007ff810210000 - 0x00007ff810222000 	C:\Program Files\Java\jdk1.8.0_231\jre\bin\nio.dll
0x00007ff80fd90000 - 0x00007ff80fda7000 	C:\WINDOWS\SYSTEM32\dhcpcsvc6.DLL
0x00007ff810800000 - 0x00007ff81081d000 	C:\WINDOWS\SYSTEM32\dhcpcsvc.DLL

VM Arguments:
jvm_args: -Djava.security.egd=file:/dev/./urandom -Dfile.encoding=windows-1252 -Duser.country=FR -Duser.language=fr -Duser.variant 
java_command: org.akhikhl.gretty.Runner --statusPort=58642 --serverManagerFactory=org.akhikhl.gretty.ServerManagerFactory
java_class_path (initial): C:\Users\Massi\.gradle\caches\modules-2\files-2.1\org.gretty\gretty-runner-jetty94\3.0.3\501d8e6eec8888aff1c7916106c5563d2ae369de\gretty-runner-jetty94-3.0.3.jar;C:\Users\Massi\.gradle\caches\modules-2\files-2.1\org.gretty\gretty-runner-jetty\3.0.3\4a763fbd14e44a83f8c4c1e3ca3c2e67824b1df8\gretty-runner-jetty-3.0.3.jar;C:\Users\Massi\.gradle\caches\modules-2\files-2.1\org.eclipse.jetty\apache-jsp\9.4.24.v20191120\10417ae81aad1202f49557c9a158eef7bb1b5feb\apache-jsp-9.4.24.v20191120.jar;C:\Users\Massi\.gradle\caches\modules-2\files-2.1\org.eclipse.jetty.websocket\javax-websocket-server-impl\9.4.24.v20191120\3b8b3304a726eebdfc9352ceff0e7d94534be2c\javax-websocket-server-impl-9.4.24.v20191120.jar;C:\Users\Massi\.gradle\caches\modules-2\files-2.1\org.eclipse.jetty\jetty-annotations\9.4.24.v20191120\37e72cf6bb14892d9b6a0bfce4f0132622b2326\jetty-annotations-9.4.24.v20191120.jar;C:\Users\Massi\.gradle\caches\modules-2\files-2.1\org.eclipse.jetty\jetty-plus\9.4.24.v20191120\f420befc6c61e6cb7facb58e306f818b3db95b03\jetty-plus-9.4.24.v20191120.jar;C:\Users\Massi\.gradle\caches\modules-2\files-2.1\org.eclipse.jetty\jetty-webapp\9.4.24.v20191120\968d70676fa16b3d62487987624dd4e9ce5db123\jetty-webapp-9.4.24.v20191120.jar;C:\Users\Massi\.gradle\caches\modules-2\files-2.1\org.eclipse.jetty.websocket\websocket-server\9.4.24.v20191120\2ee3506b2be607b0ec478a835d1c69b0e1798719\websocket-server-9.4.24.v20191120.jar;C:\Users\Massi\.gradle\caches\modules-2\files-2.1\org.eclipse.jetty\jetty-servlet\9.4.24.v20191120\ca1803fde51b795c0a8346ca8bc6277d9d04d01d\jetty-servlet-9.4.24.v20191120.jar;C:\Users\Massi\.gradle\caches\modules-2\files-2.1\org.eclipse.jetty\jetty-security\9.4.24.v20191120\9fa640d36c088cf55843900043d28aef830ade4d\jetty-security-9.4.24.v20191120.jar;C:\Users\Massi\.gradle\caches\modules-2\files-2.1\org.eclipse.jetty\jetty-server\9.4.24.v20191120\7885cc3d5d7701a444acada7ab97f89846514875\jetty-server-9.4.24.v20191120.jar;C:\Users\Massi\.gradle\caches\
Launcher Type: SUN_STANDARD

Environment Variables:
CLASSPATH=C:\Javalib\antlr4-complete.jar;C:\Javalib\antlr4-complete.jar;C:\Javalib\antlr4-complete.jar;%CLASSPATH%
PATH=C:\Program Files (x86)\Intel\iCLS Client\;C:\Program Files\Intel\iCLS Client\;C:\Windows\system32;C:\Windows;C:\Windows\System32\Wbem;C:\Windows\System32\WindowsPowerShell\v1.0\;C:\Program Files (x86)\Intel\Intel(R) Management Engine Components\DAL;C:\Program Files\Intel\Intel(R) Management Engine Components\DAL;C:\Program Files (x86)\Intel\Intel(R) Management Engine Components\IPT;C:\Program Files\Intel\Intel(R) Management Engine Components\IPT;C:\Program Files (x86)\NVIDIA Corporation\PhysX\Common;C:\WINDOWS\system32;C:\WINDOWS;C:\WINDOWS\System32\Wbem;C:\WINDOWS\System32\WindowsPowerShell\v1.0\;C:\WINDOWS\System32\OpenSSH\;C:\Program Files\Java\jdk1.8.0_231\bin;C:\Program Files\Java\jre1.8.0_231\bin;C:\Program Files\nodejs\;C:\Program Files\Microsoft SQL Server\130\Tools\Binn\;C:\Program Files\dotnet\;C:\Program Files\Microsoft SQL Server\Client SDK\ODBC\170\Tools\Binn\;C:\Program Files\Git\cmd;C:\Program Files (x86)\Brackets\command;C:\Program Files\MongoDB\Server\4.4\bin;C:\wamp64\bin\php\php7.3.12;C:\Gradle\gradle-6.7\bin;;C:\Program Files\Symfony;C:\Users\Massi\AppData\Local\Programs\Python\Python38-32\Scripts\;C:\Users\Massi\AppData\Local\Programs\Python\Python38-32\;C:\Users\Massi\AppData\Local\Microsoft\WindowsApps;C:\Users\Massi\AppData\Roaming\npm;C:\Program Files\heroku\bin;C:\Program Files\Java\jdk1.8.0_231;D:\Programmation\java\apache-maven-3.6.3\bin;D:\IntelliJ IDEA 2020.2.3\bin;;C:\Users\Massi\AppData\Local\Programs\Microsoft VS Code\bin
USERNAME=Massi
OS=Windows_NT
PROCESSOR_IDENTIFIER=Intel64 Family 6 Model 158 Stepping 9, GenuineIntel



---------------  S Y S T E M  ---------------

OS: Windows 10.0 , 64 bit Build 19041 (10.0.19041.546)

CPU:total 4 (initial active 4) (4 cores per cpu, 1 threads per core) family 6 model 158 stepping 9, cmov, cx8, fxsr, mmx, sse, sse2, sse3, ssse3, sse4.1, sse4.2, popcnt, avx, avx2, aes, clmul, erms, 3dnowpref, lzcnt, tsc, tscinvbit, bmi1, bmi2, adx

Memory: 4k page, physical 6172260k(377524k free), swap 11415140k(2572k free)

vm_info: Java HotSpot(TM) 64-Bit Server VM (25.231-b11) for windows-amd64 JRE (1.8.0_231-b11), built on Oct  5 2019 03:11:30 by "java_re" with MS VC++ 10.0 (VS2010)

time: Wed Nov 18 12:04:06 2020
timezone: Paris, Madrid
elapsed time: 392 seconds (0d 0h 6m 32s)

