#
# There is insufficient memory for the Java Runtime Environment to continue.
# Native memory allocation (malloc) failed to allocate 1398736 bytes for Chunk::new
# Possible reasons:
#   The system is out of physical RAM or swap space
#   The process is running with CompressedOops enabled, and the Java Heap may be blocking the growth of the native heap
# Possible solutions:
#   Reduce memory load on the system
#   Increase physical memory or swap space
#   Check if swap backing store is full
#   Decrease Java heap size (-Xmx/-Xms)
#   Decrease number of Java threads
#   Decrease Java thread stack sizes (-Xss)
#   Set larger code cache with -XX:ReservedCodeCacheSize=
#   JVM is running with Unscaled Compressed Oops mode in which the Java heap is
#     placed in the first 4GB address space. The Java Heap base address is the
#     maximum limit for the native heap growth. Please use -XX:HeapBaseMinAddress
#     to set the Java Heap base and to place the Java Heap above 4GB virtual address.
# This output file may be truncated or incomplete.
#
#  Out of Memory Error (allocation.cpp:389), pid=4168, tid=0x0000000000002fc8
#
# JRE version: Java(TM) SE Runtime Environment (8.0_231-b11) (build 1.8.0_231-b11)
# Java VM: Java HotSpot(TM) 64-Bit Server VM (25.231-b11 mixed mode windows-amd64 compressed oops)
# Failed to write core dump. Minidumps are not enabled by default on client versions of Windows
#

---------------  T H R E A D  ---------------

Current thread (0x00000000141df800):  JavaThread "C2 CompilerThread0" daemon [_thread_in_native, id=12232, stack(0x0000000015860000,0x0000000015960000)]

Stack: [0x0000000015860000,0x0000000015960000]
[error occurred during error reporting (printing stack bounds), id 0xc0000005]

Native frames: (J=compiled Java code, j=interpreted, Vv=VM code, C=native code)


Current CompileTask:
C2:   6193 2571   !   4       java.lang.ClassLoader::getPackage (118 bytes)


---------------  P R O C E S S  ---------------

Java Threads: ( => current thread )
  0x0000000017d98800 JavaThread "Cache worker for file content cache (C:\Users\Massi\.gradle\caches\6.5.1\fileContent)" [_thread_blocked, id=816, stack(0x000000001d5d0000,0x000000001d6d0000)]
  0x0000000017d98000 JavaThread "jar transforms" [_thread_blocked, id=15564, stack(0x000000001d4d0000,0x000000001d5d0000)]
  0x0000000017d9d000 JavaThread "Cache worker for execution history cache (C:\Users\Massi\.gradle\caches\6.5.1\executionHistory)" [_thread_blocked, id=13016, stack(0x000000001cdd0000,0x000000001ced0000)]
  0x0000000017d9c800 JavaThread "Cache worker for cache directory md-rule (C:\Users\Massi\.gradle\caches\6.5.1\md-rule)" [_thread_blocked, id=17060, stack(0x000000001ccd0000,0x000000001cdd0000)]
  0x0000000017d9e800 JavaThread "Cache worker for cache directory md-supplier (C:\Users\Massi\.gradle\caches\6.5.1\md-supplier)" [_thread_blocked, id=2788, stack(0x000000001cbd0000,0x000000001ccd0000)]
  0x0000000017d9b800 JavaThread "Cache worker for checksums cache (C:\Users\Massi\IdeaProjects\Tp5ExemplesCours\.gradle\checksums)" [_thread_blocked, id=9432, stack(0x000000001b880000,0x000000001b980000)]
  0x0000000017d9e000 JavaThread "Cache worker for file hash cache (C:\Users\Massi\IdeaProjects\Tp5ExemplesCours\.gradle\6.5.1\fileHashes)" [_thread_blocked, id=6036, stack(0x000000001b780000,0x000000001b880000)]
  0x0000000017d9a000 JavaThread "Cache worker for file hash cache (C:\Users\Massi\.gradle\caches\6.5.1\fileHashes)" [_thread_blocked, id=5024, stack(0x000000001a2b0000,0x000000001a3b0000)]
  0x0000000017d99800 JavaThread "File lock request listener" [_thread_in_native, id=13220, stack(0x000000001a1b0000,0x000000001a2b0000)]
  0x0000000017d9b000 JavaThread "Cache worker for journal cache (C:\Users\Massi\.gradle\caches\journal-1)" [_thread_blocked, id=15420, stack(0x0000000019fb0000,0x000000001a0b0000)]
  0x0000000017a8b000 JavaThread "Thread-9" [_thread_blocked, id=3640, stack(0x0000000019cb0000,0x0000000019db0000)]
  0x0000000017b05800 JavaThread "Stdin handler" [_thread_blocked, id=15764, stack(0x0000000019bb0000,0x0000000019cb0000)]
  0x0000000017b02800 JavaThread "Asynchronous log dispatcher for DefaultDaemonConnection: socket connection from /127.0.0.1:61867 to /127.0.0.1:61868" [_thread_blocked, id=13644, stack(0x0000000019ab0000,0x0000000019bb0000)]
  0x0000000017afe800 JavaThread "Daemon worker" [_thread_blocked, id=17192, stack(0x00000000199b0000,0x0000000019ab0000)]
  0x0000000017afd800 JavaThread "Cancel handler" [_thread_blocked, id=14980, stack(0x00000000198b0000,0x00000000199b0000)]
  0x0000000017ae1800 JavaThread "Handler for socket connection from /127.0.0.1:61867 to /127.0.0.1:61868" [_thread_in_native, id=14796, stack(0x00000000197b0000,0x00000000198b0000)]
  0x0000000017ad0800 JavaThread "Daemon" [_thread_blocked, id=13000, stack(0x00000000196b0000,0x00000000197b0000)]
  0x0000000017a31800 JavaThread "Daemon periodic checks" [_thread_blocked, id=16352, stack(0x00000000193b0000,0x00000000194b0000)]
  0x0000000017a27800 JavaThread "Incoming local TCP Connector on port 61867" [_thread_in_native, id=15544, stack(0x0000000019140000,0x0000000019240000)]
  0x00000000179b1800 JavaThread "Daemon health stats" [_thread_blocked, id=3884, stack(0x0000000018b00000,0x0000000018c00000)]
  0x0000000015b90800 JavaThread "Service Thread" daemon [_thread_blocked, id=3160, stack(0x0000000015f60000,0x0000000016060000)]
  0x00000000141ef800 JavaThread "C1 CompilerThread2" daemon [_thread_in_native, id=3252, stack(0x0000000015a60000,0x0000000015b60000)]
  0x00000000141e3800 JavaThread "C2 CompilerThread1" daemon [_thread_in_native, id=16952, stack(0x0000000015960000,0x0000000015a60000)]
=>0x00000000141df800 JavaThread "C2 CompilerThread0" daemon [_thread_in_native, id=12232, stack(0x0000000015860000,0x0000000015960000)]
  0x00000000141dd800 JavaThread "Attach Listener" daemon [_thread_blocked, id=8164, stack(0x0000000015760000,0x0000000015860000)]
  0x00000000141dc000 JavaThread "Signal Dispatcher" daemon [_thread_blocked, id=10400, stack(0x0000000015660000,0x0000000015760000)]
  0x0000000002e6c000 JavaThread "Finalizer" daemon [_thread_blocked, id=10052, stack(0x0000000015430000,0x0000000015530000)]
  0x00000000141ca000 JavaThread "Reference Handler" daemon [_thread_blocked, id=5372, stack(0x0000000015330000,0x0000000015430000)]
  0x0000000002d72800 JavaThread "main" [_thread_blocked, id=1420, stack(0x0000000002b90000,0x0000000002c90000)]

Other Threads:
  0x00000000141a8800 VMThread [stack: 0x0000000015230000,0x0000000015330000] [id=12332]
  0x000000001423e800 WatcherThread [stack: 0x0000000016060000,0x0000000016160000] [id=13080]

VM state:not at safepoint (normal execution)

VM Mutex/Monitor currently owned by a thread: None

heap address: 0x00000000e0000000, size: 512 MB, Compressed Oops mode: 32-bit
Narrow klass base: 0x0000000000000000, Narrow klass shift: 3
Compressed class space size: 1073741824 Address: 0x0000000100000000

Heap:
 PSYoungGen      total 76288K, used 72752K [0x00000000f5580000, 0x00000000fdb80000, 0x0000000100000000)
  eden space 65536K, 98% used [0x00000000f5580000,0x00000000f947ec08,0x00000000f9580000)
  from space 10752K, 76% used [0x00000000f9580000,0x00000000f9d8d668,0x00000000fa000000)
  to   space 12288K, 0% used [0x00000000fcf80000,0x00000000fcf80000,0x00000000fdb80000)
 ParOldGen       total 175104K, used 6829K [0x00000000e0000000, 0x00000000eab00000, 0x00000000f5580000)
  object space 175104K, 3% used [0x00000000e0000000,0x00000000e06ab5e0,0x00000000eab00000)
 Metaspace       used 33270K, capacity 34376K, committed 34688K, reserved 1081344K
  class space    used 4650K, capacity 4912K, committed 4992K, reserved 1048576K

Card table byte_map: [0x0000000012230000,0x0000000012340000] byte_map_base: 0x0000000011b30000

Marking Bits: (ParMarkBitMap*) 0x000000005c096d90
 Begin Bits: [0x0000000012740000, 0x0000000012f40000)
 End Bits:   [0x0000000012f40000, 0x0000000013740000)

Polling page: 0x00000000012b0000

CodeCache: size=245760Kb used=10131Kb max_used=10131Kb free=235628Kb
 bounds [0x0000000002e70000, 0x0000000003860000, 0x0000000011e70000]
 total_blobs=3304 nmethods=2621 adapters=594
 compilation: enabled

Compilation events (10 events):
Event: 6.178 Thread 0x00000000141ef800 2615       3       org.objectweb.asm.FieldWriter::<init> (69 bytes)
Event: 6.178 Thread 0x00000000141ef800 nmethod 2615 0x000000000384d910 code [0x000000000384dac0, 0x000000000384e088]
Event: 6.178 Thread 0x00000000141ef800 2616       3       org.objectweb.asm.FieldVisitor::<init> (82 bytes)
Event: 6.179 Thread 0x00000000141ef800 nmethod 2616 0x000000000384e290 code [0x000000000384e480, 0x000000000384eea8]
Event: 6.179 Thread 0x00000000141ef800 2617       3       com.google.common.collect.LinkedHashMultimap$ValueSet$1::hasNext (21 bytes)
Event: 6.179 Thread 0x00000000141ef800 nmethod 2617 0x000000000384f2d0 code [0x000000000384f460, 0x000000000384f788]
Event: 6.181 Thread 0x00000000141ef800 2618       1       java.util.Arrays$ArrayList::get (7 bytes)
Event: 6.181 Thread 0x00000000141ef800 nmethod 2618 0x000000000384f910 code [0x000000000384fa60, 0x000000000384fb90]
Event: 6.182 Thread 0x00000000141ef800 2619       1       org.gradle.internal.event.DefaultListenerManager::access$100 (5 bytes)
Event: 6.182 Thread 0x00000000141ef800 nmethod 2619 0x000000000384fc50 code [0x000000000384fda0, 0x000000000384fe90]

GC Heap History (10 events):
Event: 3.183 GC heap before
{Heap before GC invocations=2 (full 0):
 PSYoungGen      total 76288K, used 70981K [0x00000000f5580000, 0x00000000faa80000, 0x0000000100000000)
  eden space 65536K, 99% used [0x00000000f5580000,0x00000000f952f378,0x00000000f9580000)
  from space 10752K, 53% used [0x00000000f9580000,0x00000000f9b22378,0x00000000fa000000)
  to   space 10752K, 0% used [0x00000000fa000000,0x00000000fa000000,0x00000000faa80000)
 ParOldGen       total 175104K, used 16K [0x00000000e0000000, 0x00000000eab00000, 0x00000000f5580000)
  object space 175104K, 0% used [0x00000000e0000000,0x00000000e0004000,0x00000000eab00000)
 Metaspace       used 14564K, capacity 15104K, committed 15232K, reserved 1062912K
  class space    used 2034K, capacity 2156K, committed 2176K, reserved 1048576K
Event: 3.192 GC heap after
Heap after GC invocations=2 (full 0):
 PSYoungGen      total 76288K, used 9371K [0x00000000f5580000, 0x00000000faa80000, 0x0000000100000000)
  eden space 65536K, 0% used [0x00000000f5580000,0x00000000f5580000,0x00000000f9580000)
  from space 10752K, 87% used [0x00000000fa000000,0x00000000fa926ef0,0x00000000faa80000)
  to   space 10752K, 0% used [0x00000000f9580000,0x00000000f9580000,0x00000000fa000000)
 ParOldGen       total 175104K, used 24K [0x00000000e0000000, 0x00000000eab00000, 0x00000000f5580000)
  object space 175104K, 0% used [0x00000000e0000000,0x00000000e0006000,0x00000000eab00000)
 Metaspace       used 14564K, capacity 15104K, committed 15232K, reserved 1062912K
  class space    used 2034K, capacity 2156K, committed 2176K, reserved 1048576K
}
Event: 4.247 GC heap before
{Heap before GC invocations=3 (full 0):
 PSYoungGen      total 76288K, used 74907K [0x00000000f5580000, 0x00000000faa80000, 0x0000000100000000)
  eden space 65536K, 100% used [0x00000000f5580000,0x00000000f9580000,0x00000000f9580000)
  from space 10752K, 87% used [0x00000000fa000000,0x00000000fa926ef0,0x00000000faa80000)
  to   space 10752K, 0% used [0x00000000f9580000,0x00000000f9580000,0x00000000fa000000)
 ParOldGen       total 175104K, used 24K [0x00000000e0000000, 0x00000000eab00000, 0x00000000f5580000)
  object space 175104K, 0% used [0x00000000e0000000,0x00000000e0006000,0x00000000eab00000)
 Metaspace       used 20326K, capacity 21074K, committed 21296K, reserved 1067008K
  class space    used 2898K, capacity 3111K, committed 3200K, reserved 1048576K
Event: 4.258 GC heap after
Heap after GC invocations=3 (full 0):
 PSYoungGen      total 76288K, used 10720K [0x00000000f5580000, 0x00000000faa80000, 0x0000000100000000)
  eden space 65536K, 0% used [0x00000000f5580000,0x00000000f5580000,0x00000000f9580000)
  from space 10752K, 99% used [0x00000000f9580000,0x00000000f9ff81f0,0x00000000fa000000)
  to   space 10752K, 0% used [0x00000000fa000000,0x00000000fa000000,0x00000000faa80000)
 ParOldGen       total 175104K, used 933K [0x00000000e0000000, 0x00000000eab00000, 0x00000000f5580000)
  object space 175104K, 0% used [0x00000000e0000000,0x00000000e00e97c8,0x00000000eab00000)
 Metaspace       used 20326K, capacity 21074K, committed 21296K, reserved 1067008K
  class space    used 2898K, capacity 3111K, committed 3200K, reserved 1048576K
}
Event: 4.337 GC heap before
{Heap before GC invocations=4 (full 0):
 PSYoungGen      total 76288K, used 16832K [0x00000000f5580000, 0x00000000faa80000, 0x0000000100000000)
  eden space 65536K, 9% used [0x00000000f5580000,0x00000000f5b78060,0x00000000f9580000)
  from space 10752K, 99% used [0x00000000f9580000,0x00000000f9ff81f0,0x00000000fa000000)
  to   space 10752K, 0% used [0x00000000fa000000,0x00000000fa000000,0x00000000faa80000)
 ParOldGen       total 175104K, used 933K [0x00000000e0000000, 0x00000000eab00000, 0x00000000f5580000)
  object space 175104K, 0% used [0x00000000e0000000,0x00000000e00e97c8,0x00000000eab00000)
 Metaspace       used 20528K, capacity 21234K, committed 21296K, reserved 1067008K
  class space    used 2933K, capacity 3143K, committed 3200K, reserved 1048576K
Event: 4.345 GC heap after
Heap after GC invocations=4 (full 0):
 PSYoungGen      total 76288K, used 6948K [0x00000000f5580000, 0x00000000faa80000, 0x0000000100000000)
  eden space 65536K, 0% used [0x00000000f5580000,0x00000000f5580000,0x00000000f9580000)
  from space 10752K, 64% used [0x00000000fa000000,0x00000000fa6c9050,0x00000000faa80000)
  to   space 10752K, 0% used [0x00000000f9580000,0x00000000f9580000,0x00000000fa000000)
 ParOldGen       total 175104K, used 941K [0x00000000e0000000, 0x00000000eab00000, 0x00000000f5580000)
  object space 175104K, 0% used [0x00000000e0000000,0x00000000e00eb7c8,0x00000000eab00000)
 Metaspace       used 20528K, capacity 21234K, committed 21296K, reserved 1067008K
  class space    used 2933K, capacity 3143K, committed 3200K, reserved 1048576K
}
Event: 4.345 GC heap before
{Heap before GC invocations=5 (full 1):
 PSYoungGen      total 76288K, used 6948K [0x00000000f5580000, 0x00000000faa80000, 0x0000000100000000)
  eden space 65536K, 0% used [0x00000000f5580000,0x00000000f5580000,0x00000000f9580000)
  from space 10752K, 64% used [0x00000000fa000000,0x00000000fa6c9050,0x00000000faa80000)
  to   space 10752K, 0% used [0x00000000f9580000,0x00000000f9580000,0x00000000fa000000)
 ParOldGen       total 175104K, used 941K [0x00000000e0000000, 0x00000000eab00000, 0x00000000f5580000)
  object space 175104K, 0% used [0x00000000e0000000,0x00000000e00eb7c8,0x00000000eab00000)
 Metaspace       used 20528K, capacity 21234K, committed 21296K, reserved 1067008K
  class space    used 2933K, capacity 3143K, committed 3200K, reserved 1048576K
Event: 4.380 GC heap after
Heap after GC invocations=5 (full 1):
 PSYoungGen      total 76288K, used 0K [0x00000000f5580000, 0x00000000faa80000, 0x0000000100000000)
  eden space 65536K, 0% used [0x00000000f5580000,0x00000000f5580000,0x00000000f9580000)
  from space 10752K, 0% used [0x00000000fa000000,0x00000000fa000000,0x00000000faa80000)
  to   space 10752K, 0% used [0x00000000f9580000,0x00000000f9580000,0x00000000fa000000)
 ParOldGen       total 175104K, used 6821K [0x00000000e0000000, 0x00000000eab00000, 0x00000000f5580000)
  object space 175104K, 3% used [0x00000000e0000000,0x00000000e06a95e0,0x00000000eab00000)
 Metaspace       used 20528K, capacity 21234K, committed 21296K, reserved 1067008K
  class space    used 2933K, capacity 3143K, committed 3200K, reserved 1048576K
}
Event: 5.412 GC heap before
{Heap before GC invocations=6 (full 1):
 PSYoungGen      total 76288K, used 65536K [0x00000000f5580000, 0x00000000faa80000, 0x0000000100000000)
  eden space 65536K, 100% used [0x00000000f5580000,0x00000000f9580000,0x00000000f9580000)
  from space 10752K, 0% used [0x00000000fa000000,0x00000000fa000000,0x00000000faa80000)
  to   space 10752K, 0% used [0x00000000f9580000,0x00000000f9580000,0x00000000fa000000)
 ParOldGen       total 175104K, used 6821K [0x00000000e0000000, 0x00000000eab00000, 0x00000000f5580000)
  object space 175104K, 3% used [0x00000000e0000000,0x00000000e06a95e0,0x00000000eab00000)
 Metaspace       used 28626K, capacity 29608K, committed 29952K, reserved 1075200K
  class space    used 4055K, capacity 4286K, committed 4352K, reserved 1048576K
Event: 5.419 GC heap after
Heap after GC invocations=6 (full 1):
 PSYoungGen      total 76288K, used 8245K [0x00000000f5580000, 0x00000000fdb80000, 0x0000000100000000)
  eden space 65536K, 0% used [0x00000000f5580000,0x00000000f5580000,0x00000000f9580000)
  from space 10752K, 76% used [0x00000000f9580000,0x00000000f9d8d668,0x00000000fa000000)
  to   space 12288K, 0% used [0x00000000fcf80000,0x00000000fcf80000,0x00000000fdb80000)
 ParOldGen       total 175104K, used 6829K [0x00000000e0000000, 0x00000000eab00000, 0x00000000f5580000)
  object space 175104K, 3% used [0x00000000e0000000,0x00000000e06ab5e0,0x00000000eab00000)
 Metaspace       used 28626K, capacity 29608K, committed 29952K, reserved 1075200K
  class space    used 4055K, capacity 4286K, committed 4352K, reserved 1048576K
}

Deoptimization events (10 events):
Event: 5.024 Thread 0x0000000017afe800 Uncommon trap: reason=unstable_if action=reinterpret pc=0x00000000033c6490 method=java.util.HashMap.putVal(ILjava/lang/Object;Ljava/lang/Object;ZZ)Ljava/lang/Object; @ 162
Event: 5.420 Thread 0x00000000141ca000 Uncommon trap: reason=unstable_if action=reinterpret pc=0x00000000034a3efc method=java.lang.ref.Reference.tryHandlePending(Z)Z @ 104
Event: 5.450 Thread 0x0000000017afe800 Uncommon trap: reason=unstable_if action=reinterpret pc=0x00000000033d9b30 method=java.net.URLClassLoader.defineClass(Ljava/lang/String;Lsun/misc/Resource;)Ljava/lang/Class; @ 21
Event: 5.452 Thread 0x0000000017afe800 Uncommon trap: reason=unstable_if action=reinterpret pc=0x0000000003377558 method=java.lang.ClassLoader.getClassLoadingLock(Ljava/lang/String;)Ljava/lang/Object; @ 6
Event: 5.696 Thread 0x0000000017afe800 Uncommon trap: reason=unstable_if action=reinterpret pc=0x000000000346da84 method=java.util.HashMap.getNode(ILjava/lang/Object;)Ljava/util/HashMap$Node; @ 53
Event: 5.806 Thread 0x0000000017afe800 Uncommon trap: reason=unstable_if action=reinterpret pc=0x000000000369ea3c method=org.gradle.internal.reflect.PropertyAccessorType.isGetGetterName(Ljava/lang/String;)Z @ 14
Event: 5.855 Thread 0x0000000017afe800 Uncommon trap: reason=unstable_if action=reinterpret pc=0x000000000355bc08 method=org.objectweb.asm.ByteVector.putShort(I)Lorg/objectweb/asm/ByteVector; @ 13
Event: 5.983 Thread 0x0000000017afe800 Uncommon trap: reason=unstable_if action=reinterpret pc=0x00000000034360ac method=java.net.URLClassLoader.defineClass(Ljava/lang/String;Lsun/misc/Resource;)Ljava/lang/Class; @ 21
Event: 6.097 Thread 0x0000000017afe800 Uncommon trap: reason=predicate action=maybe_recompile pc=0x0000000003414408 method=com.google.common.base.CharMatcher.indexIn(Ljava/lang/CharSequence;I)I @ 22
Event: 6.129 Thread 0x0000000017afe800 Uncommon trap: reason=range_check action=make_not_entrant pc=0x00000000036f51c8 method=java.lang.String.charAt(I)C @ 27

Classes redefined (0 events):
No events

Internal exceptions (10 events):
Event: 5.994 Thread 0x0000000017afe800 Exception <a 'java/lang/ClassNotFoundException': groovy/lang/Closure$1BeanInfo> (0x00000000f7e9b518) thrown at [C:\re\workspace\8-2-build-windows-amd64-cygwin\jdk8u231\13620\hotspot\src\share\vm\classfile\systemDictionary.cpp, line 210]
Event: 5.994 Thread 0x0000000017afe800 Exception <a 'java/lang/ClassNotFoundException': groovy/lang/ClosureBeanInfo> (0x00000000f7ebab08) thrown at [C:\re\workspace\8-2-build-windows-amd64-cygwin\jdk8u231\13620\hotspot\src\share\vm\classfile\systemDictionary.cpp, line 210]
Event: 5.996 Thread 0x0000000017afe800 Exception <a 'java/lang/ClassNotFoundException': groovy/lang/ClosureCustomizer> (0x00000000f7edab08) thrown at [C:\re\workspace\8-2-build-windows-amd64-cygwin\jdk8u231\13620\hotspot\src\share\vm\classfile\systemDictionary.cpp, line 210]
Event: 5.999 Thread 0x0000000017afe800 Exception <a 'java/lang/ClassNotFoundException': groovy/lang/Closure$1Customizer> (0x00000000f7f22148) thrown at [C:\re\workspace\8-2-build-windows-amd64-cygwin\jdk8u231\13620\hotspot\src\share\vm\classfile\systemDictionary.cpp, line 210]
Event: 6.092 Thread 0x0000000017afe800 Exception <a 'java/lang/ClassNotFoundException': org/gradle/internal/metaobject/ConfigureDelegateBeanInfo> (0x00000000f85dd848) thrown at [C:\re\workspace\8-2-build-windows-amd64-cygwin\jdk8u231\13620\hotspot\src\share\vm\classfile\systemDictionary.cpp, l
Event: 6.092 Thread 0x0000000017afe800 Exception <a 'java/lang/ClassNotFoundException': org/gradle/internal/metaobject/ConfigureDelegateCustomizer> (0x00000000f860bc98) thrown at [C:\re\workspace\8-2-build-windows-amd64-cygwin\jdk8u231\13620\hotspot\src\share\vm\classfile\systemDictionary.cpp,
Event: 6.095 Thread 0x0000000017afe800 Exception <a 'java/lang/ClassNotFoundException': org/gradle/plugin/use/internal/PluginRequestCollector$PluginDependenciesSpecImplBeanInfo> (0x00000000f867ecc8) thrown at [C:\re\workspace\8-2-build-windows-amd64-cygwin\jdk8u231\13620\hotspot\src\share\vm\c
Event: 6.095 Thread 0x0000000017afe800 Exception <a 'java/lang/ClassNotFoundException': org/gradle/plugin/use/internal/PluginRequestCollector$PluginDependenciesSpecImplCustomizer> (0x00000000f86bec08) thrown at [C:\re\workspace\8-2-build-windows-amd64-cygwin\jdk8u231\13620\hotspot\src\share\vm
Event: 6.098 Thread 0x0000000017afe800 Exception <a 'java/lang/ClassNotFoundException': org/gradle/plugin/use/internal/PluginRequestCollector$PluginDependencySpecImplBeanInfo> (0x00000000f8736430) thrown at [C:\re\workspace\8-2-build-windows-amd64-cygwin\jdk8u231\13620\hotspot\src\share\vm\cla
Event: 6.099 Thread 0x0000000017afe800 Exception <a 'java/lang/ClassNotFoundException': org/gradle/plugin/use/internal/PluginRequestCollector$PluginDependencySpecImplCustomizer> (0x00000000f87762a0) thrown at [C:\re\workspace\8-2-build-windows-amd64-cygwin\jdk8u231\13620\hotspot\src\share\vm\c

Events (10 events):
Event: 6.181 loading class org/gradle/api/internal/artifacts/configurations/MutationValidator$MutationType
Event: 6.181 loading class org/gradle/api/internal/artifacts/configurations/MutationValidator$MutationType done
Event: 6.181 loading class org/gradle/api/internal/artifacts/configurations/MutationValidator$MutationType
Event: 6.181 loading class org/gradle/api/internal/artifacts/configurations/MutationValidator$MutationType done
Event: 6.181 loading class org/gradle/api/internal/artifacts/configurations/DefaultConfiguration
Event: 6.181 loading class org/gradle/api/internal/artifacts/configurations/DefaultConfiguration done
Event: 6.182 loading class org/gradle/api/internal/attributes/DefaultMutableAttributeContainer
Event: 6.182 loading class org/gradle/api/internal/attributes/DefaultMutableAttributeContainer done
Event: 6.182 loading class org/gradle/api/internal/artifacts/ivyservice/ResolvedFilesCollectingVisitor
Event: 6.182 loading class org/gradle/api/internal/artifacts/ivyservice/ResolvedFilesCollectingVisitor done


Dynamic libraries:
0x00007ff74ac10000 - 0x00007ff74ac47000 	C:\Program Files\Java\jdk1.8.0_231\bin\java.exe
0x00007ff81b310000 - 0x00007ff81b506000 	C:\WINDOWS\SYSTEM32\ntdll.dll
0x00007ff819b60000 - 0x00007ff819c1d000 	C:\WINDOWS\System32\KERNEL32.DLL
0x00007ff818ff0000 - 0x00007ff8192b8000 	C:\WINDOWS\System32\KERNELBASE.dll
0x00007ff819ab0000 - 0x00007ff819b5c000 	C:\WINDOWS\System32\ADVAPI32.dll
0x00007ff81a520000 - 0x00007ff81a5be000 	C:\WINDOWS\System32\msvcrt.dll
0x00007ff81b200000 - 0x00007ff81b29b000 	C:\WINDOWS\System32\sechost.dll
0x00007ff819c30000 - 0x00007ff819d54000 	C:\WINDOWS\System32\RPCRT4.dll
0x00007ff819d60000 - 0x00007ff819f00000 	C:\WINDOWS\System32\USER32.dll
0x00007ff818c00000 - 0x00007ff818c22000 	C:\WINDOWS\System32\win32u.dll
0x00007ff819a20000 - 0x00007ff819a4a000 	C:\WINDOWS\System32\GDI32.dll
0x00007ff818ee0000 - 0x00007ff818fe9000 	C:\WINDOWS\System32\gdi32full.dll
0x00007ff818e40000 - 0x00007ff818edd000 	C:\WINDOWS\System32\msvcp_win.dll
0x00007ff818a20000 - 0x00007ff818b20000 	C:\WINDOWS\System32\ucrtbase.dll
0x00007ff80aab0000 - 0x00007ff80ad4b000 	C:\WINDOWS\WinSxS\amd64_microsoft.windows.common-controls_6595b64144ccf1df_6.0.19041.488_none_ca04af081b815d21\COMCTL32.dll
0x00007ff819750000 - 0x00007ff819780000 	C:\WINDOWS\System32\IMM32.DLL
0x000000005c120000 - 0x000000005c1f2000 	C:\Program Files\Java\jdk1.8.0_231\jre\bin\msvcr100.dll
0x000000005b870000 - 0x000000005c116000 	C:\Program Files\Java\jdk1.8.0_231\jre\bin\server\jvm.dll
0x00007ff819780000 - 0x00007ff819788000 	C:\WINDOWS\System32\PSAPI.DLL
0x00007ff811980000 - 0x00007ff81198a000 	C:\WINDOWS\SYSTEM32\VERSION.dll
0x00007ff814680000 - 0x00007ff8146a7000 	C:\WINDOWS\SYSTEM32\WINMM.dll
0x00007ff8146c0000 - 0x00007ff8146c9000 	C:\WINDOWS\SYSTEM32\WSOCK32.dll
0x00007ff81a390000 - 0x00007ff81a3fb000 	C:\WINDOWS\System32\WS2_32.dll
0x00007ff812e40000 - 0x00007ff812e4f000 	C:\Program Files\Java\jdk1.8.0_231\jre\bin\verify.dll
0x00007ff806ed0000 - 0x00007ff806ef9000 	C:\Program Files\Java\jdk1.8.0_231\jre\bin\java.dll
0x00007ff8100a0000 - 0x00007ff8100b6000 	C:\Program Files\Java\jdk1.8.0_231\jre\bin\zip.dll
0x00007ff81a9d0000 - 0x00007ff81b111000 	C:\WINDOWS\System32\SHELL32.dll
0x00007ff816b30000 - 0x00007ff8172c5000 	C:\WINDOWS\SYSTEM32\windows.storage.dll
0x00007ff81a5c0000 - 0x00007ff81a915000 	C:\WINDOWS\System32\combase.dll
0x00007ff818490000 - 0x00007ff8184bc000 	C:\WINDOWS\SYSTEM32\Wldp.dll
0x00007ff819560000 - 0x00007ff81960e000 	C:\WINDOWS\System32\SHCORE.dll
0x00007ff8193d0000 - 0x00007ff819425000 	C:\WINDOWS\System32\shlwapi.dll
0x00007ff818950000 - 0x00007ff818976000 	C:\WINDOWS\SYSTEM32\profapi.dll
0x00007ff8118d0000 - 0x00007ff8118ea000 	C:\Program Files\Java\jdk1.8.0_231\jre\bin\net.dll
0x00007ff818210000 - 0x00007ff81827a000 	C:\WINDOWS\system32\mswsock.dll
0x00007ff806eb0000 - 0x00007ff806ec2000 	C:\Program Files\Java\jdk1.8.0_231\jre\bin\nio.dll
0x00007ff80ccf0000 - 0x00007ff80cd17000 	C:\Users\Massi\.gradle\native\f6784746aeab05261644944871eae4fe03e0ef1612fff0a4a95f87b438bc6780\windows-amd64\native-platform.dll
0x00007ff811510000 - 0x00007ff81151d000 	C:\Program Files\Java\jdk1.8.0_231\jre\bin\management.dll
0x00007ff8183e0000 - 0x00007ff8183f8000 	C:\WINDOWS\SYSTEM32\CRYPTSP.dll
0x00007ff817b30000 - 0x00007ff817b64000 	C:\WINDOWS\system32\rsaenh.dll
0x00007ff818bd0000 - 0x00007ff818bf7000 	C:\WINDOWS\System32\bcrypt.dll
0x00007ff818910000 - 0x00007ff81893e000 	C:\WINDOWS\SYSTEM32\USERENV.dll
0x00007ff8192c0000 - 0x00007ff81933f000 	C:\WINDOWS\System32\bcryptprimitives.dll
0x00007ff818400000 - 0x00007ff81840c000 	C:\WINDOWS\SYSTEM32\CRYPTBASE.dll
0x00007ff817eb0000 - 0x00007ff817eeb000 	C:\WINDOWS\SYSTEM32\IPHLPAPI.DLL
0x00007ff819c20000 - 0x00007ff819c28000 	C:\WINDOWS\System32\NSI.dll
0x00007ff80fd90000 - 0x00007ff80fda7000 	C:\WINDOWS\SYSTEM32\dhcpcsvc6.DLL
0x00007ff810800000 - 0x00007ff81081d000 	C:\WINDOWS\SYSTEM32\dhcpcsvc.DLL
0x00007ff817ef0000 - 0x00007ff817fbb000 	C:\WINDOWS\SYSTEM32\DNSAPI.dll
0x00007ff811020000 - 0x00007ff81102b000 	C:\WINDOWS\SYSTEM32\WINNSI.DLL

VM Arguments:
jvm_args: -XX:MaxMetaspaceSize=256m -XX:+HeapDumpOnOutOfMemoryError -Xms256m -Xmx512m -Dfile.encoding=windows-1252 -Duser.country=FR -Duser.language=fr -Duser.variant 
java_command: org.gradle.launcher.daemon.bootstrap.GradleDaemon 6.5.1
java_class_path (initial): C:\Users\Massi\.gradle\wrapper\dists\gradle-6.5.1-bin\1m5048aptkfynhbvolwgr4ej9\gradle-6.5.1\lib\gradle-launcher-6.5.1.jar
Launcher Type: SUN_STANDARD

Environment Variables:
CLASSPATH=C:\Javalib\antlr4-complete.jar;C:\Javalib\antlr4-complete.jar;C:\Javalib\antlr4-complete.jar;%CLASSPATH%
PATH=C:\Program Files (x86)\Intel\iCLS Client\;C:\Program Files\Intel\iCLS Client\;C:\Windows\system32;C:\Windows;C:\Windows\System32\Wbem;C:\Windows\System32\WindowsPowerShell\v1.0\;C:\Program Files (x86)\Intel\Intel(R) Management Engine Components\DAL;C:\Program Files\Intel\Intel(R) Management Engine Components\DAL;C:\Program Files (x86)\Intel\Intel(R) Management Engine Components\IPT;C:\Program Files\Intel\Intel(R) Management Engine Components\IPT;C:\Program Files (x86)\NVIDIA Corporation\PhysX\Common;C:\WINDOWS\system32;C:\WINDOWS;C:\WINDOWS\System32\Wbem;C:\WINDOWS\System32\WindowsPowerShell\v1.0\;C:\WINDOWS\System32\OpenSSH\;C:\Program Files\Java\jdk1.8.0_231\bin;C:\Program Files\Java\jre1.8.0_231\bin;C:\Program Files\nodejs\;C:\Program Files\Microsoft SQL Server\130\Tools\Binn\;C:\Program Files\dotnet\;C:\Program Files\Microsoft SQL Server\Client SDK\ODBC\170\Tools\Binn\;C:\Program Files\Git\cmd;C:\Program Files (x86)\Brackets\command;C:\Program Files\MongoDB\Server\4.4\bin;C:\wamp64\bin\php\php7.3.12;C:\Gradle\gradle-6.7\bin;;C:\Program Files\Symfony;C:\Users\Massi\AppData\Local\Programs\Python\Python38-32\Scripts\;C:\Users\Massi\AppData\Local\Programs\Python\Python38-32\;C:\Users\Massi\AppData\Local\Microsoft\WindowsApps;C:\Users\Massi\AppData\Roaming\npm;C:\Program Files\heroku\bin;C:\Program Files\Java\jdk1.8.0_231;D:\Programmation\java\apache-maven-3.6.3\bin;D:\IntelliJ IDEA 2020.2.3\bin;;C:\Users\Massi\AppData\Local\Programs\Microsoft VS Code\bin
USERNAME=Massi
OS=Windows_NT
PROCESSOR_IDENTIFIER=Intel64 Family 6 Model 158 Stepping 9, GenuineIntel



---------------  S Y S T E M  ---------------

OS: Windows 10.0 , 64 bit Build 19041 (10.0.19041.546)

CPU:total 4 (initial active 4) (4 cores per cpu, 1 threads per core) family 6 model 158 stepping 9, cmov, cx8, fxsr, mmx, sse, sse2, sse3, ssse3, sse4.1, sse4.2, popcnt, avx, avx2, aes, clmul, erms, 3dnowpref, lzcnt, tsc, tscinvbit, bmi1, bmi2, adx

Memory: 4k page, physical 6172260k(343356k free), swap 11415140k(5680k free)

vm_info: Java HotSpot(TM) 64-Bit Server VM (25.231-b11) for windows-amd64 JRE (1.8.0_231-b11), built on Oct  5 2019 03:11:30 by "java_re" with MS VC++ 10.0 (VS2010)

time: Sat Nov 21 11:00:37 2020
timezone: Paris, Madrid
elapsed time: 6 seconds (0d 0h 0m 6s)

